DEBUG:root:Order:2 3 10.0
DEBUG:root:Finish turn

DEBUG:root:Order:2 4 10.0
DEBUG:root:Finish turn

DEBUG:root:Order:2 19 15.0
DEBUG:root:Finish turn

DEBUG:root:Order:2 20 15.0
DEBUG:root:Order:2 4 32
DEBUG:root:Finish turn

DEBUG:root:Order:2 15 20.0
DEBUG:root:Bad order:4 3.0 8
DEBUG:root:Finish turn

DEBUG:root:Order:2 16 20.0
DEBUG:root:Order:4 0 26.0
DEBUG:root:Order:4 2 4
DEBUG:root:Finish turn

DEBUG:root:Order:2 4 1
DEBUG:root:Finish turn

DEBUG:root:Order:2 19 6
DEBUG:root:Order:4 19 2
DEBUG:root:Finish turn

DEBUG:root:Order:2 19 2
DEBUG:root:Order:2 4 2
DEBUG:root:Finish turn

DEBUG:root:Order:2 19 1
DEBUG:root:Order:4 19 1
DEBUG:root:Finish turn

DEBUG:root:Order:2 19 1
DEBUG:root:Order:2 4 2
DEBUG:root:Finish turn

DEBUG:root:Order:2 15 6
DEBUG:root:Order:4 15 5
DEBUG:root:Order:19 15 2
DEBUG:root:Finish turn

DEBUG:root:Order:2 15 1
DEBUG:root:Order:2 19 1
DEBUG:root:Order:2 4 2
DEBUG:root:Finish turn

DEBUG:root:Order:2 19 1
DEBUG:root:Order:4 19 1
DEBUG:root:Finish turn

DEBUG:root:Order:2 19 1
DEBUG:root:Order:2 4 2
DEBUG:root:Finish turn

DEBUG:root:Order:2 19 1
DEBUG:root:Finish turn

DEBUG:root:Order:2 19 2
DEBUG:root:Finish turn

DEBUG:root:Order:2 19 3
DEBUG:root:Order:2 4 1
DEBUG:root:Finish turn

DEBUG:root:Order:2 0 13
DEBUG:root:Order:15 0 13
DEBUG:root:Order:4 0 11
DEBUG:root:Order:19 0 10
DEBUG:root:Finish turn

DEBUG:root:Order:2 0 2
DEBUG:root:Order:2 19 1
DEBUG:root:Order:2 4 2
DEBUG:root:Finish turn

DEBUG:root:Order:4 2 7
DEBUG:root:Order:15 2 7
DEBUG:root:Bad order:0 3.0 4
DEBUG:root:Order:19 2 4
DEBUG:root:Finish turn

DEBUG:root:Order:0 2 2
DEBUG:root:Order:0 19 1
DEBUG:root:Bad order:0 1.0 2
DEBUG:root:Finish turn

DEBUG:root:Order:2 9 40.0
DEBUG:root:Order:15 2 9
DEBUG:root:Order:4 2 7
DEBUG:root:Bad order:0 2.0 6
DEBUG:root:Order:19 2 6
DEBUG:root:Finish turn

DEBUG:root:Bad order:0 3.0 5
DEBUG:root:Order:0 19 1
DEBUG:root:Finish turn

DEBUG:root:Order:15 2 1
DEBUG:root:Order:15 19 2
DEBUG:root:Finish turn

DEBUG:root:Order:2 4 1
DEBUG:root:Finish turn

DEBUG:root:Order:2 19 2
DEBUG:root:Order:2 4 2
DEBUG:root:Finish turn

DEBUG:root:Order:2 10 40.0
DEBUG:root:Order:4 2 11
DEBUG:root:Order:15 2 10
DEBUG:root:Order:19 2 8
DEBUG:root:Finish turn

DEBUG:root:Order:2 19 1
DEBUG:root:Order:2 4 2
DEBUG:root:Finish turn

DEBUG:root:Order:2 19 1
DEBUG:root:Finish turn

DEBUG:root:Order:2 19 2
DEBUG:root:Finish turn

DEBUG:root:Order:2 0 13
DEBUG:root:Order:15 0 11
DEBUG:root:Order:4 0 9
DEBUG:root:Order:19 0 7
DEBUG:root:Finish turn

DEBUG:root:Order:2 0 3
DEBUG:root:Order:2 19 1
DEBUG:root:Finish turn

DEBUG:root:Order:2 9 5
DEBUG:root:Order:15 9 5
DEBUG:root:Order:4 9 3
DEBUG:root:Order:0 9 2
DEBUG:root:Order:19 9 2
DEBUG:root:Finish turn

DEBUG:root:Order:2 5 46.0
DEBUG:root:Order:15 2 9
DEBUG:root:Order:4 2 8
DEBUG:root:Order:0 2 7
DEBUG:root:Order:19 2 7
DEBUG:root:Order:9 2 3
DEBUG:root:Finish turn

DEBUG:root:Order:2 0 1
DEBUG:root:Order:2 19 1
DEBUG:root:Order:2 4 1
DEBUG:root:Finish turn

DEBUG:root:Order:2 0 1
DEBUG:root:Order:2 19 1
DEBUG:root:Order:2 9 1
DEBUG:root:Order:15 9 1
DEBUG:root:Finish turn

DEBUG:root:Order:2 0 1
DEBUG:root:Order:2 19 1
DEBUG:root:Finish turn

DEBUG:root:Order:2 0 1
DEBUG:root:Order:15 0 1
DEBUG:root:Order:15 19 1
DEBUG:root:Finish turn

DEBUG:root:Order:2 5 7
DEBUG:root:Order:9 5 4
DEBUG:root:Order:15 5 4
DEBUG:root:Order:4 5 3
DEBUG:root:Order:19 5 1
DEBUG:root:Finish turn

DEBUG:root:Order:2 5 2
DEBUG:root:Order:2 19 1
DEBUG:root:Order:2 4 2
DEBUG:root:Finish turn

DEBUG:root:Order:5 19 1
DEBUG:root:Finish turn

DEBUG:root:Order:5 19 2
DEBUG:root:Order:2 19 1
DEBUG:root:Order:2 9 1
DEBUG:root:Finish turn

DEBUG:root:Order:5 9 2
DEBUG:root:Order:5 19 2
DEBUG:root:Order:5 4 1
DEBUG:root:Finish turn

DEBUG:root:Order:2 0 15
DEBUG:root:Order:15 0 12
DEBUG:root:Order:5 0 11
DEBUG:root:Order:4 0 10
DEBUG:root:Order:9 0 10
DEBUG:root:Order:19 0 9
DEBUG:root:Finish turn

DEBUG:root:Order:2 0 2
DEBUG:root:Order:2 19 1
DEBUG:root:Order:2 4 2
DEBUG:root:Order:5 4 2
DEBUG:root:Finish turn

DEBUG:root:Order:4 0 2
DEBUG:root:Order:4 19 2
DEBUG:root:Order:4 9 1
DEBUG:root:Order:4 2 2
DEBUG:root:Order:5 2 2
DEBUG:root:Finish turn

DEBUG:root:Order:2 4 5
DEBUG:root:Order:2 0 2
DEBUG:root:Order:2 19 2
DEBUG:root:Order:2 9 1
DEBUG:root:Finish turn

DEBUG:root:Order:5 0 1
DEBUG:root:Order:5 2 1
DEBUG:root:Order:5 19 1
DEBUG:root:Order:5 4 5
DEBUG:root:Order:15 4 1
DEBUG:root:Finish turn

DEBUG:root:Order:4 0 2
DEBUG:root:Order:4 19 2
DEBUG:root:Order:4 9 1
DEBUG:root:Order:4 5 4
DEBUG:root:Order:2 5 1
DEBUG:root:Finish turn

DEBUG:root:Order:5 4 5
DEBUG:root:Order:5 0 2
DEBUG:root:Order:5 19 2
DEBUG:root:Order:5 9 1
DEBUG:root:Finish turn

DEBUG:root:Order:2 0 1
DEBUG:root:Order:2 19 1
DEBUG:root:Order:2 4 5
DEBUG:root:Order:15 4 1
DEBUG:root:Finish turn

DEBUG:root:Order:4 0 2
DEBUG:root:Order:4 19 2
DEBUG:root:Order:4 9 1
DEBUG:root:Finish turn

DEBUG:root:Order:2 11 54.0
DEBUG:root:Order:5 2 12
DEBUG:root:Order:15 2 9
DEBUG:root:Order:4 2 7
DEBUG:root:Order:9 2 7
DEBUG:root:Order:19 2 6
DEBUG:root:Finish turn

DEBUG:root:Order:5 19 1
DEBUG:root:Order:5 4 2
DEBUG:root:Finish turn

DEBUG:root:Order:2 19 2
DEBUG:root:Order:2 9 1
DEBUG:root:Finish turn

DEBUG:root:Order:5 11 10
DEBUG:root:Order:2 11 8
DEBUG:root:Order:15 11 7
DEBUG:root:Order:4 11 6
DEBUG:root:Order:9 11 5
DEBUG:root:Order:19 11 4
DEBUG:root:Finish turn

DEBUG:root:Order:2 0 12
DEBUG:root:Order:5 0 12
DEBUG:root:Order:15 0 10
DEBUG:root:Order:4 0 9
DEBUG:root:Order:9 0 9
DEBUG:root:Order:19 0 8
DEBUG:root:Bad order:11 5.0 6
DEBUG:root:Finish turn

DEBUG:root:Order:11 0 7
DEBUG:root:Order:2 0 2
DEBUG:root:Order:5 0 2
DEBUG:root:Finish turn

DEBUG:root:Order:2 0 2
DEBUG:root:Order:5 0 1
DEBUG:root:Order:5 19 2
DEBUG:root:Order:11 19 1
DEBUG:root:Order:11 4 1
DEBUG:root:Order:11 9 1
DEBUG:root:Finish turn

DEBUG:root:Order:2 0 2
DEBUG:root:Order:2 19 2
DEBUG:root:Order:2 4 1
DEBUG:root:Order:2 9 1
DEBUG:root:Finish turn

DEBUG:root:Order:5 0 1
DEBUG:root:Order:5 19 1
DEBUG:root:Order:5 2 4
DEBUG:root:Order:11 2 1
DEBUG:root:Order:15 2 1
DEBUG:root:Finish turn

DEBUG:root:Order:2 0 2
DEBUG:root:Order:2 19 2
DEBUG:root:Order:2 4 1
DEBUG:root:Order:2 9 1
DEBUG:root:Finish turn

DEBUG:root:Order:2 0 2
DEBUG:root:Order:2 19 2
DEBUG:root:Order:2 4 1
DEBUG:root:Order:2 9 1
DEBUG:root:Finish turn

DEBUG:root:Order:5 14 62.0
DEBUG:root:Order:11 5 11
DEBUG:root:Order:15 5 8
DEBUG:root:Order:2 5 7
DEBUG:root:Order:4 5 6
DEBUG:root:Order:9 5 6
DEBUG:root:Order:0 5 5
DEBUG:root:Order:19 5 5
DEBUG:root:Finish turn

DEBUG:root:Order:2 0 1
DEBUG:root:Order:2 19 1
DEBUG:root:Order:2 4 2
DEBUG:root:Order:11 4 1
DEBUG:root:Finish turn

DEBUG:root:Order:5 0 2
DEBUG:root:Order:5 19 2
DEBUG:root:Order:5 9 1
DEBUG:root:Finish turn

DEBUG:root:Order:2 0 2
DEBUG:root:Order:2 19 2
DEBUG:root:Order:2 9 1
DEBUG:root:Order:2 5 2
DEBUG:root:Order:11 5 2
DEBUG:root:Finish turn

DEBUG:root:Order:0 7 64.0
DEBUG:root:Order:5 0 13
DEBUG:root:Order:11 0 9
DEBUG:root:Order:15 0 8
DEBUG:root:Order:4 0 7
DEBUG:root:Order:9 0 6
DEBUG:root:Order:2 0 5
DEBUG:root:Order:19 0 5
DEBUG:root:Finish turn

DEBUG:root:Order:2 0 2
DEBUG:root:Order:5 0 2
DEBUG:root:Order:11 0 1
DEBUG:root:Finish turn

DEBUG:root:Order:2 0 3
DEBUG:root:Order:5 0 1
DEBUG:root:Order:5 19 3
DEBUG:root:Order:5 4 1
DEBUG:root:Order:5 9 1
DEBUG:root:Finish turn

DEBUG:root:Order:2 8 64.0
DEBUG:root:Order:11 2 12
DEBUG:root:Order:15 2 10
DEBUG:root:Order:4 2 8
DEBUG:root:Order:5 2 8
DEBUG:root:Order:9 2 8
DEBUG:root:Order:19 2 7
DEBUG:root:Finish turn

DEBUG:root:Order:5 2 11
DEBUG:root:Order:11 2 10
DEBUG:root:Order:15 2 9
DEBUG:root:Order:4 2 8
DEBUG:root:Order:9 2 8
DEBUG:root:Order:19 2 7
DEBUG:root:Finish turn

DEBUG:root:Order:5 19 1
DEBUG:root:Order:5 4 2
DEBUG:root:Order:11 4 1
DEBUG:root:Finish turn

DEBUG:root:Order:2 19 2
DEBUG:root:Order:4 19 1
DEBUG:root:Order:4 9 1
DEBUG:root:Order:5 9 1
DEBUG:root:Finish turn

DEBUG:root:Order:2 14 8
DEBUG:root:Order:5 14 8
DEBUG:root:Order:11 14 8
DEBUG:root:Order:15 14 6
DEBUG:root:Order:9 14 5
DEBUG:root:Order:4 14 4
DEBUG:root:Order:19 14 4
DEBUG:root:Finish turn

DEBUG:root:Order:2 14 2
DEBUG:root:Order:5 14 2
DEBUG:root:Order:11 14 1
DEBUG:root:Order:11 19 1
DEBUG:root:Order:11 4 1
DEBUG:root:Finish turn

DEBUG:root:Order:2 17 69.0
DEBUG:root:Order:5 2 11
DEBUG:root:Order:14 2 9
DEBUG:root:Order:15 2 9
DEBUG:root:Order:4 2 8
DEBUG:root:Order:11 2 8
DEBUG:root:Order:9 2 7
DEBUG:root:Order:19 2 6
DEBUG:root:Finish turn

DEBUG:root:Order:2 7 7
DEBUG:root:Order:5 7 7
DEBUG:root:Order:11 7 6
DEBUG:root:Bad order:14 4.0 6
DEBUG:root:Order:15 7 5
DEBUG:root:Order:4 7 4
DEBUG:root:Order:9 7 4
DEBUG:root:Order:19 7 3
DEBUG:root:Finish turn

DEBUG:root:Order:14 7 7
DEBUG:root:Order:2 7 2
DEBUG:root:Order:5 7 1
DEBUG:root:Order:5 19 1
DEBUG:root:Order:5 4 2
DEBUG:root:Order:11 4 1
DEBUG:root:Finish turn

DEBUG:root:Order:2 7 2
DEBUG:root:Order:2 19 2
DEBUG:root:Order:2 9 1
DEBUG:root:Finish turn

DEBUG:root:Order:5 7 2
DEBUG:root:Order:5 19 2
DEBUG:root:Order:5 9 1
DEBUG:root:Order:5 2 2
DEBUG:root:Order:11 2 2
DEBUG:root:Order:14 2 2
DEBUG:root:Finish turn

DEBUG:root:Order:2 21 76.0
DEBUG:root:Order:11 2 14
DEBUG:root:Order:14 2 14
DEBUG:root:Order:15 2 13
DEBUG:root:Order:4 2 12
DEBUG:root:Order:9 2 2
DEBUG:root:Order:9 8 11
DEBUG:root:Order:5 8 10
DEBUG:root:Bad order:7 5.0 10
DEBUG:root:Order:19 8 10
DEBUG:root:Finish turn

DEBUG:root:Bad order:7 6.0 10
DEBUG:root:Order:5 14 4
DEBUG:root:Order:2 14 3
DEBUG:root:Order:11 14 3
DEBUG:root:Order:15 14 2
DEBUG:root:Order:4 14 1
DEBUG:root:Order:4 8 1
DEBUG:root:Finish turn

DEBUG:root:Bad order:7 7.0 8
DEBUG:root:Order:2 8 2
DEBUG:root:Order:5 8 2
DEBUG:root:Order:11 8 1
DEBUG:root:Finish turn

DEBUG:root:Order:7 8 6
DEBUG:root:Order:2 8 2
DEBUG:root:Order:5 8 2
DEBUG:root:Order:5 19 2
DEBUG:root:Order:11 19 1
DEBUG:root:Order:11 4 1
DEBUG:root:Order:14 4 1
DEBUG:root:Order:14 9 1
DEBUG:root:Finish turn

DEBUG:root:Order:2 8 1
DEBUG:root:Order:2 9 1
DEBUG:root:Order:2 19 1
DEBUG:root:Order:2 4 3
DEBUG:root:Order:5 4 1
DEBUG:root:Order:11 4 1
DEBUG:root:Order:14 4 1
DEBUG:root:Order:15 4 1
DEBUG:root:Finish turn

DEBUG:root:Order:4 7 2
DEBUG:root:Order:4 8 2
DEBUG:root:Order:4 19 2
DEBUG:root:Order:4 9 1
DEBUG:root:Order:4 2 5
DEBUG:root:Order:5 2 2
DEBUG:root:Order:11 2 1
DEBUG:root:Order:14 2 1
DEBUG:root:Finish turn

DEBUG:root:Order:2 4 7
DEBUG:root:Order:2 7 2
DEBUG:root:Order:2 8 2
DEBUG:root:Order:2 19 2
DEBUG:root:Order:2 9 1
DEBUG:root:Finish turn

DEBUG:root:Order:5 7 2
DEBUG:root:Order:5 8 2
DEBUG:root:Order:5 19 2
DEBUG:root:Order:5 2 1
DEBUG:root:Order:5 4 1
DEBUG:root:Order:5 9 1
DEBUG:root:Finish turn

DEBUG:root:Order:11 17 9
DEBUG:root:Order:14 17 9
DEBUG:root:Order:2 17 7
DEBUG:root:Order:15 17 6
DEBUG:root:Order:4 17 4
DEBUG:root:Order:9 17 4
DEBUG:root:Order:5 17 3
DEBUG:root:Order:7 17 3
DEBUG:root:Order:8 17 3
DEBUG:root:Order:19 17 3
DEBUG:root:Finish turn

DEBUG:root:Order:2 17 2
DEBUG:root:Order:5 17 2
DEBUG:root:Order:11 17 1
DEBUG:root:Order:11 7 1
DEBUG:root:Order:11 8 1
DEBUG:root:Order:11 19 1
DEBUG:root:Order:11 4 1
DEBUG:root:Order:14 4 1
DEBUG:root:Finish turn

DEBUG:root:Order:2 7 2
DEBUG:root:Order:2 8 2
DEBUG:root:Order:2 11 2
DEBUG:root:Order:2 19 2
DEBUG:root:Order:2 9 1
DEBUG:root:Finish turn

DEBUG:root:Order:5 2 4
DEBUG:root:Order:5 7 2
DEBUG:root:Order:5 8 2
DEBUG:root:Order:5 19 2
DEBUG:root:Order:5 9 1
DEBUG:root:Order:5 4 4
DEBUG:root:Order:17 4 3
DEBUG:root:Order:14 4 2
DEBUG:root:Finish turn

DEBUG:root:Order:4 17 9
DEBUG:root:Order:2 17 3
DEBUG:root:Order:2 5 3
DEBUG:root:Order:11 5 3
DEBUG:root:Order:11 7 3
DEBUG:root:Order:14 7 3
DEBUG:root:Order:15 7 2
DEBUG:root:Finish turn

DEBUG:root:Order:7 17 7
DEBUG:root:Order:5 17 3
DEBUG:root:Order:14 17 3
DEBUG:root:Order:15 17 2
DEBUG:root:Order:2 17 1
DEBUG:root:Order:2 8 1
DEBUG:root:Order:2 19 1
DEBUG:root:Finish turn

DEBUG:root:Order:5 17 2
DEBUG:root:Order:11 17 1
DEBUG:root:Order:14 17 1
DEBUG:root:Order:14 7 1
DEBUG:root:Order:14 8 1
DEBUG:root:Order:14 19 1
DEBUG:root:Finish turn

DEBUG:root:Order:15 22 76.0
DEBUG:root:Order:2 15 10
DEBUG:root:Order:5 15 10
DEBUG:root:Order:11 15 9
DEBUG:root:Order:4 15 7
DEBUG:root:Order:9 15 7
DEBUG:root:Order:14 15 6
DEBUG:root:Order:7 15 5
DEBUG:root:Order:8 15 5
DEBUG:root:Order:19 15 5
DEBUG:root:Finish turn

DEBUG:root:Order:2 21 9
DEBUG:root:Order:5 21 9
DEBUG:root:Order:11 21 8
DEBUG:root:Order:14 21 8
DEBUG:root:Order:4 21 6
DEBUG:root:Order:9 21 6
DEBUG:root:Order:7 21 5
DEBUG:root:Order:8 21 5
DEBUG:root:Order:19 21 5
DEBUG:root:Order:15 21 3
DEBUG:root:Finish turn

DEBUG:root:Order:2 7 1
DEBUG:root:Order:2 8 1
DEBUG:root:Order:2 19 1
DEBUG:root:Order:2 4 2
DEBUG:root:Order:5 4 2
DEBUG:root:Order:11 4 1
DEBUG:root:Order:14 4 1
DEBUG:root:Finish turn

DEBUG:root:Order:4 7 2
DEBUG:root:Order:4 8 2
DEBUG:root:Order:4 19 2
DEBUG:root:Order:4 9 1
DEBUG:root:Order:4 2 4
DEBUG:root:Order:5 2 2
DEBUG:root:Order:11 2 1
DEBUG:root:Order:14 2 1
DEBUG:root:Finish turn

DEBUG:root:Order:2 4 7
DEBUG:root:Order:2 7 2
DEBUG:root:Order:2 8 2
DEBUG:root:Order:2 19 2
DEBUG:root:Order:2 9 1
DEBUG:root:Finish turn

DEBUG:root:Order:5 2 2
DEBUG:root:Order:5 7 2
DEBUG:root:Order:5 8 2
DEBUG:root:Order:5 19 2
DEBUG:root:Order:5 4 1
DEBUG:root:Order:5 9 1
DEBUG:root:Finish turn

DEBUG:root:Order:11 5 3
DEBUG:root:Order:11 7 2
DEBUG:root:Order:11 8 2
DEBUG:root:Order:11 19 2
DEBUG:root:Order:11 4 1
DEBUG:root:Order:11 9 1
DEBUG:root:Finish turn

DEBUG:root:Order:14 11 5
DEBUG:root:Order:14 7 1
DEBUG:root:Order:14 8 1
DEBUG:root:Order:14 19 1
DEBUG:root:Order:14 4 5
DEBUG:root:Order:2 4 4
DEBUG:root:Order:5 4 2
DEBUG:root:Order:15 4 1
DEBUG:root:Order:21 4 1
DEBUG:root:Finish turn

DEBUG:root:Order:4 22 18
DEBUG:root:Order:2 22 9
DEBUG:root:Order:5 22 9
DEBUG:root:Order:11 22 7
DEBUG:root:Order:15 22 7
DEBUG:root:Order:21 22 7
DEBUG:root:Order:9 22 5
DEBUG:root:Order:7 22 4
DEBUG:root:Order:8 22 4
DEBUG:root:Order:19 22 4
DEBUG:root:Finish turn

DEBUG:root:Order:2 22 2
DEBUG:root:Order:2 7 1
DEBUG:root:Order:2 8 1
DEBUG:root:Order:2 19 1
DEBUG:root:Order:2 4 2
DEBUG:root:Order:5 4 2
DEBUG:root:Order:11 4 1
DEBUG:root:Order:14 4 1
DEBUG:root:Finish turn

DEBUG:root:Order:4 2 2
DEBUG:root:Order:4 7 2
DEBUG:root:Order:4 8 2
DEBUG:root:Order:4 19 2
DEBUG:root:Order:4 9 1
DEBUG:root:Order:4 22 4
DEBUG:root:Order:5 22 2
DEBUG:root:Order:11 22 1
DEBUG:root:Order:14 22 1
DEBUG:root:Finish turn

DEBUG:root:Order:22 4 7
DEBUG:root:Order:5 4 2
DEBUG:root:Order:5 7 2
DEBUG:root:Order:5 8 2
DEBUG:root:Order:5 19 2
DEBUG:root:Order:5 9 1
DEBUG:root:Finish turn

DEBUG:root:Order:2 21 7
DEBUG:root:Order:11 21 6
DEBUG:root:Order:14 21 6
DEBUG:root:Order:15 21 4
DEBUG:root:Order:22 21 4
DEBUG:root:Order:4 21 2
DEBUG:root:Order:9 21 2
DEBUG:root:Order:7 21 1
DEBUG:root:Order:8 21 1
DEBUG:root:Order:8 5 1
DEBUG:root:Finish turn

DEBUG:root:Order:2 21 5
DEBUG:root:Order:5 21 5
DEBUG:root:Order:11 21 4
DEBUG:root:Order:14 21 4
DEBUG:root:Order:15 21 3
DEBUG:root:Order:22 21 3
DEBUG:root:Order:4 21 2
DEBUG:root:Order:9 21 2
DEBUG:root:Order:19 21 2
DEBUG:root:Order:7 21 1
DEBUG:root:Finish turn

DEBUG:root:Order:2 21 6
DEBUG:root:Order:5 21 6
DEBUG:root:Order:11 21 5
DEBUG:root:Order:14 21 5
DEBUG:root:Order:15 21 4
DEBUG:root:Order:22 21 4
DEBUG:root:Order:4 21 3
DEBUG:root:Order:9 21 3
DEBUG:root:Order:7 21 2
DEBUG:root:Order:8 21 2
DEBUG:root:Order:19 21 2
DEBUG:root:Finish turn

DEBUG:root:Order:2 7 1
DEBUG:root:Order:2 8 1
DEBUG:root:Order:2 19 1
DEBUG:root:Order:2 4 2
DEBUG:root:Order:5 4 2
DEBUG:root:Order:11 4 1
DEBUG:root:Order:14 4 1
DEBUG:root:Finish turn

DEBUG:root:Order:4 7 2
DEBUG:root:Order:4 8 2
DEBUG:root:Order:4 19 2
DEBUG:root:Order:4 9 1
DEBUG:root:Order:4 2 4
DEBUG:root:Order:5 2 2
DEBUG:root:Order:11 2 1
DEBUG:root:Order:14 2 1
DEBUG:root:Finish turn

DEBUG:root:Order:2 4 7
DEBUG:root:Order:2 7 2
DEBUG:root:Order:2 8 2
DEBUG:root:Order:2 19 2
DEBUG:root:Order:2 9 1
DEBUG:root:Finish turn

DEBUG:root:Order:5 2 2
DEBUG:root:Order:5 7 2
DEBUG:root:Order:5 8 2
DEBUG:root:Order:5 19 2
DEBUG:root:Order:5 4 1
DEBUG:root:Order:5 9 1
DEBUG:root:Finish turn

DEBUG:root:Order:11 5 3
DEBUG:root:Order:11 7 2
DEBUG:root:Order:11 8 2
DEBUG:root:Order:11 19 2
DEBUG:root:Order:11 4 1
DEBUG:root:Order:11 9 1
DEBUG:root:Finish turn

DEBUG:root:Order:14 11 5
DEBUG:root:Order:14 7 1
DEBUG:root:Order:14 8 1
DEBUG:root:Order:14 19 1
DEBUG:root:Order:14 4 5
DEBUG:root:Order:2 4 4
DEBUG:root:Order:5 4 2
DEBUG:root:Order:15 4 1
DEBUG:root:Order:22 4 1
DEBUG:root:Finish turn

DEBUG:root:Order:4 14 6
DEBUG:root:Order:4 7 2
DEBUG:root:Order:4 8 2
DEBUG:root:Order:4 19 2
DEBUG:root:Order:4 9 1
DEBUG:root:Finish turn

DEBUG:root:Order:2 4 2
DEBUG:root:Order:2 7 2
DEBUG:root:Order:2 8 2
DEBUG:root:Order:2 19 2
DEBUG:root:Order:2 9 1
DEBUG:root:Finish turn

DEBUG:root:Order:5 2 2
DEBUG:root:Order:5 7 2
DEBUG:root:Order:5 8 2
DEBUG:root:Order:5 19 2
DEBUG:root:Order:5 4 1
DEBUG:root:Order:5 9 1
DEBUG:root:Finish turn

DEBUG:root:Order:11 7 2
DEBUG:root:Order:11 8 2
DEBUG:root:Order:11 19 2
DEBUG:root:Order:11 4 1
DEBUG:root:Order:11 5 1
DEBUG:root:Order:11 9 1
DEBUG:root:Finish turn

DEBUG:root:Order:2 11 4
DEBUG:root:Order:2 7 2
DEBUG:root:Order:2 8 2
DEBUG:root:Order:2 19 2
DEBUG:root:Order:2 4 1
DEBUG:root:Order:2 9 1
DEBUG:root:Finish turn

DEBUG:root:Order:14 2 5
DEBUG:root:Order:14 7 1
DEBUG:root:Order:14 8 1
DEBUG:root:Order:14 19 1
DEBUG:root:Order:14 4 5
DEBUG:root:Order:5 4 4
DEBUG:root:Order:11 4 1
DEBUG:root:Order:15 4 1
DEBUG:root:Order:22 4 1
DEBUG:root:Finish turn

DEBUG:root:Order:4 14 6
DEBUG:root:Order:4 7 2
DEBUG:root:Order:4 8 2
DEBUG:root:Order:4 19 2
DEBUG:root:Order:4 9 1
DEBUG:root:Finish turn

DEBUG:root:Order:5 4 3
DEBUG:root:Order:5 7 2
DEBUG:root:Order:5 8 2
DEBUG:root:Order:5 19 2
DEBUG:root:Order:5 9 1
DEBUG:root:Finish turn

DEBUG:root:Order:2 5 3
DEBUG:root:Order:2 7 2
DEBUG:root:Order:2 8 2
DEBUG:root:Order:2 19 2
DEBUG:root:Order:2 4 1
DEBUG:root:Order:2 9 1
DEBUG:root:Finish turn

DEBUG:root:Order:11 22 16
DEBUG:root:Order:14 22 14
DEBUG:root:Order:5 22 13
DEBUG:root:Order:15 22 12
DEBUG:root:Order:4 22 10
DEBUG:root:Order:9 22 10
DEBUG:root:Order:7 22 9
DEBUG:root:Order:8 22 9
DEBUG:root:Order:19 22 9
DEBUG:root:Order:2 22 8
DEBUG:root:Finish turn

DEBUG:root:Order:2 22 14
DEBUG:root:Order:5 22 14
DEBUG:root:Order:11 22 13
DEBUG:root:Order:14 22 13
DEBUG:root:Order:15 22 12
DEBUG:root:Order:4 22 11
DEBUG:root:Order:9 22 11
DEBUG:root:Order:7 22 10
DEBUG:root:Order:8 22 10
DEBUG:root:Order:19 22 10
DEBUG:root:Finish turn

DEBUG:root:Order:2 22 15
DEBUG:root:Order:5 22 15
DEBUG:root:Order:11 22 14
DEBUG:root:Order:14 22 14
DEBUG:root:Order:15 22 13
DEBUG:root:Order:4 22 12
DEBUG:root:Order:9 22 12
DEBUG:root:Order:7 22 11
DEBUG:root:Order:8 22 11
DEBUG:root:Order:19 22 11
DEBUG:root:Finish turn

DEBUG:root:Order:2 7 1
DEBUG:root:Order:2 8 1
DEBUG:root:Order:2 19 1
DEBUG:root:Order:2 4 2
DEBUG:root:Order:5 4 2
DEBUG:root:Order:11 4 1
DEBUG:root:Order:14 4 1
DEBUG:root:Finish turn

DEBUG:root:Order:4 14 14
DEBUG:root:Order:5 14 12
DEBUG:root:Order:11 14 11
DEBUG:root:Order:15 14 10
DEBUG:root:Order:2 14 9
DEBUG:root:Order:9 14 8
DEBUG:root:Order:7 14 7
DEBUG:root:Order:8 14 7
DEBUG:root:Order:19 14 7
DEBUG:root:Finish turn

DEBUG:root:Order:2 14 12
DEBUG:root:Order:5 14 12
DEBUG:root:Order:11 14 11
DEBUG:root:Order:15 14 10
DEBUG:root:Order:4 14 9
DEBUG:root:Order:9 14 9
DEBUG:root:Order:7 14 8
DEBUG:root:Order:8 14 8
DEBUG:root:Order:19 14 8
DEBUG:root:Finish turn

DEBUG:root:Order:2 14 13
DEBUG:root:Order:5 14 13
DEBUG:root:Order:11 14 12
DEBUG:root:Order:15 14 11
DEBUG:root:Order:4 14 10
DEBUG:root:Order:9 14 10
DEBUG:root:Order:7 14 9
DEBUG:root:Order:8 14 9
DEBUG:root:Order:19 14 9
DEBUG:root:Finish turn

DEBUG:root:Order:5 2 11
DEBUG:root:Order:11 2 10
DEBUG:root:Order:15 2 9
DEBUG:root:Order:4 2 8
DEBUG:root:Order:9 2 8
DEBUG:root:Order:7 2 7
DEBUG:root:Order:8 2 7
DEBUG:root:Order:19 2 7
DEBUG:root:Order:14 2 5
DEBUG:root:Finish turn

DEBUG:root:Order:5 2 11
DEBUG:root:Order:11 2 10
DEBUG:root:Order:14 2 10
DEBUG:root:Order:15 2 9
DEBUG:root:Order:4 2 8
DEBUG:root:Order:9 2 8
DEBUG:root:Order:7 2 7
DEBUG:root:Order:8 2 7
DEBUG:root:Order:19 2 7
DEBUG:root:Finish turn

DEBUG:root:Order:5 22 21
DEBUG:root:Order:11 22 20
DEBUG:root:Order:14 22 20
DEBUG:root:Order:15 22 19
DEBUG:root:Order:4 22 18
DEBUG:root:Order:9 22 18
DEBUG:root:Order:7 22 17
DEBUG:root:Order:8 22 17
DEBUG:root:Order:19 22 17
DEBUG:root:Order:2 22 15
DEBUG:root:Finish turn

DEBUG:root:Order:2 22 2
DEBUG:root:Order:5 22 2
DEBUG:root:Order:11 22 1
DEBUG:root:Order:11 7 1
DEBUG:root:Order:11 8 1
DEBUG:root:Order:11 19 1
DEBUG:root:Order:11 4 1
DEBUG:root:Order:14 4 1
DEBUG:root:Finish turn

DEBUG:root:Order:2 7 2
DEBUG:root:Order:2 8 2
DEBUG:root:Order:2 11 2
DEBUG:root:Order:2 19 2
DEBUG:root:Order:2 9 1
DEBUG:root:Order:2 22 2
DEBUG:root:Order:5 22 2
DEBUG:root:Order:14 22 1
DEBUG:root:Finish turn

DEBUG:root:Order:22 2 5
DEBUG:root:Order:22 7 1
DEBUG:root:Order:22 8 1
DEBUG:root:Order:22 19 1
DEBUG:root:Order:22 9 5
DEBUG:root:Order:5 9 3
DEBUG:root:Order:11 9 1
DEBUG:root:Order:15 9 1
DEBUG:root:Finish turn

DEBUG:root:Order:9 22 7
DEBUG:root:Order:9 7 2
DEBUG:root:Order:9 8 2
DEBUG:root:Order:9 19 2
DEBUG:root:Order:9 4 8
DEBUG:root:Order:5 4 2
DEBUG:root:Order:2 4 1
DEBUG:root:Order:11 4 1
DEBUG:root:Finish turn

DEBUG:root:Order:4 9 10
DEBUG:root:Order:2 9 2
DEBUG:root:Order:5 9 1
DEBUG:root:Order:5 7 2
DEBUG:root:Order:5 8 2
DEBUG:root:Order:5 19 2
DEBUG:root:Order:5 22 2
DEBUG:root:Order:11 22 1
DEBUG:root:Finish turn

DEBUG:root:Order:2 5 3
DEBUG:root:Order:2 7 1
DEBUG:root:Order:2 8 1
DEBUG:root:Order:2 19 1
DEBUG:root:Order:2 9 3
DEBUG:root:Order:22 9 3
DEBUG:root:Order:11 9 2
DEBUG:root:Order:15 9 1
DEBUG:root:Finish turn

DEBUG:root:Order:9 2 3
DEBUG:root:Order:9 7 2
DEBUG:root:Order:9 8 2
DEBUG:root:Order:9 19 2
DEBUG:root:Order:9 4 7
DEBUG:root:Order:5 4 1
DEBUG:root:Order:11 4 1
DEBUG:root:Finish turn

DEBUG:root:Order:4 9 7
DEBUG:root:Order:5 9 2
DEBUG:root:Order:5 7 2
DEBUG:root:Order:5 8 2
DEBUG:root:Order:5 19 2
DEBUG:root:Finish turn

DEBUG:root:Order:2 14 7
DEBUG:root:Order:11 14 6
DEBUG:root:Order:15 14 4
DEBUG:root:Order:22 14 4
DEBUG:root:Order:4 14 3
DEBUG:root:Order:9 14 2
DEBUG:root:Order:7 14 1
DEBUG:root:Order:8 14 1
DEBUG:root:Order:19 14 1
DEBUG:root:Finish turn

DEBUG:root:Order:2 14 2
DEBUG:root:Order:5 14 2
DEBUG:root:Order:5 7 1
DEBUG:root:Order:5 8 1
DEBUG:root:Order:5 19 1
DEBUG:root:Order:5 4 2
DEBUG:root:Order:11 4 1
DEBUG:root:Finish turn

DEBUG:root:Order:2 5 2
DEBUG:root:Order:2 7 2
DEBUG:root:Order:2 8 2
DEBUG:root:Order:2 19 2
DEBUG:root:Order:2 9 1
DEBUG:root:Finish turn

DEBUG:root:Order:11 2 3
DEBUG:root:Order:11 7 1
DEBUG:root:Order:11 8 1
DEBUG:root:Order:11 19 1
DEBUG:root:Order:11 9 3
DEBUG:root:Order:5 9 2
DEBUG:root:Order:14 9 2
DEBUG:root:Order:4 9 1
DEBUG:root:Order:15 9 1
DEBUG:root:Order:22 9 1
DEBUG:root:Finish turn

DEBUG:root:Order:9 11 4
DEBUG:root:Order:9 7 2
DEBUG:root:Order:9 8 2
DEBUG:root:Order:9 19 2
DEBUG:root:Order:9 4 8
DEBUG:root:Order:5 4 2
DEBUG:root:Order:2 4 1
DEBUG:root:Order:14 4 1
DEBUG:root:Finish turn

DEBUG:root:Order:4 14 15
DEBUG:root:Order:2 14 7
DEBUG:root:Order:5 14 7
DEBUG:root:Order:11 14 5
DEBUG:root:Order:15 14 5
DEBUG:root:Order:22 14 5
DEBUG:root:Order:7 14 2
DEBUG:root:Order:8 14 1
DEBUG:root:Order:8 9 2
DEBUG:root:Order:19 9 2
DEBUG:root:Finish turn

DEBUG:root:Order:2 14 7
DEBUG:root:Order:5 14 7
DEBUG:root:Order:11 14 6
DEBUG:root:Order:15 14 5
DEBUG:root:Order:22 14 5
DEBUG:root:Order:4 14 4
DEBUG:root:Order:7 14 3
DEBUG:root:Order:19 14 3
DEBUG:root:Order:8 14 2
DEBUG:root:Order:9 14 2
DEBUG:root:Finish turn

DEBUG:root:Order:2 14 8
DEBUG:root:Order:5 14 8
DEBUG:root:Order:11 14 7
DEBUG:root:Order:15 14 6
DEBUG:root:Order:22 14 6
DEBUG:root:Order:4 14 5
DEBUG:root:Order:9 14 5
DEBUG:root:Order:7 14 4
DEBUG:root:Order:8 14 4
DEBUG:root:Order:19 14 4
DEBUG:root:Finish turn

DEBUG:root:Order:2 22 9
DEBUG:root:Order:5 22 9
DEBUG:root:Order:11 22 8
DEBUG:root:Order:15 22 7
DEBUG:root:Order:4 22 6
DEBUG:root:Order:9 22 6
DEBUG:root:Order:7 22 5
DEBUG:root:Order:8 22 5
DEBUG:root:Order:19 22 5
DEBUG:root:Order:14 22 1
DEBUG:root:Finish turn

DEBUG:root:Order:2 22 10
DEBUG:root:Order:5 22 10
DEBUG:root:Order:11 22 9
DEBUG:root:Order:14 22 9
DEBUG:root:Order:15 22 8
DEBUG:root:Order:4 22 7
DEBUG:root:Order:9 22 7
DEBUG:root:Order:7 22 6
DEBUG:root:Order:8 22 6
DEBUG:root:Order:19 22 6
DEBUG:root:Finish turn

DEBUG:root:Order:2 7 1
DEBUG:root:Order:2 8 1
DEBUG:root:Order:2 19 1
DEBUG:root:Order:2 22 1
DEBUG:root:Order:2 4 2
DEBUG:root:Order:5 4 2
DEBUG:root:Order:11 4 1
DEBUG:root:Order:14 4 1
DEBUG:root:Finish turn

DEBUG:root:Order:4 7 2
DEBUG:root:Order:4 8 2
DEBUG:root:Order:4 19 2
DEBUG:root:Order:4 2 1
DEBUG:root:Order:4 9 1
DEBUG:root:Order:4 22 4
DEBUG:root:Order:5 22 2
DEBUG:root:Order:11 22 1
DEBUG:root:Finish turn

DEBUG:root:Order:5 4 3
DEBUG:root:Order:2 4 2
DEBUG:root:Order:11 4 2
DEBUG:root:Order:11 7 1
DEBUG:root:Order:11 8 1
DEBUG:root:Order:11 19 1
DEBUG:root:Order:11 9 2
DEBUG:root:Order:15 9 1
DEBUG:root:Finish turn

DEBUG:root:Order:2 11 2
DEBUG:root:Order:2 7 1
DEBUG:root:Order:2 8 1
DEBUG:root:Order:2 19 1
DEBUG:root:Order:2 4 3
DEBUG:root:Order:5 4 3
DEBUG:root:Order:9 4 2
DEBUG:root:Order:15 4 1
DEBUG:root:Finish turn

DEBUG:root:Order:4 2 2
DEBUG:root:Order:4 7 2
DEBUG:root:Order:4 8 2
DEBUG:root:Order:4 19 2
DEBUG:root:Order:4 9 7
DEBUG:root:Order:5 9 2
DEBUG:root:Finish turn

DEBUG:root:Order:9 4 7
DEBUG:root:Order:5 4 1
DEBUG:root:Order:5 7 2
DEBUG:root:Order:5 8 2
DEBUG:root:Order:5 19 2
DEBUG:root:Finish turn

DEBUG:root:Order:2 5 1
DEBUG:root:Order:2 7 1
DEBUG:root:Order:2 8 1
DEBUG:root:Order:2 19 1
DEBUG:root:Order:2 4 4
DEBUG:root:Order:11 4 3
DEBUG:root:Order:15 4 1
DEBUG:root:Finish turn

DEBUG:root:Order:4 7 2
DEBUG:root:Order:4 8 2
DEBUG:root:Order:4 19 2
DEBUG:root:Order:4 2 1
DEBUG:root:Order:4 9 6
DEBUG:root:Order:5 9 1
DEBUG:root:Order:11 9 1
DEBUG:root:Finish turn

DEBUG:root:Order:9 14 34
DEBUG:root:Order:5 14 30
DEBUG:root:Order:2 14 29
DEBUG:root:Order:11 14 29
DEBUG:root:Order:15 14 28
DEBUG:root:Order:7 14 25
DEBUG:root:Order:8 14 25
DEBUG:root:Order:19 14 25
DEBUG:root:Order:4 14 20
DEBUG:root:Finish turn

DEBUG:root:Order:2 7 1
DEBUG:root:Order:2 8 1
DEBUG:root:Order:2 14 1
DEBUG:root:Order:2 19 1
DEBUG:root:Order:2 4 2
DEBUG:root:Order:5 4 2
DEBUG:root:Order:11 4 1
DEBUG:root:Finish turn

DEBUG:root:Order:4 7 2
DEBUG:root:Order:4 8 2
DEBUG:root:Order:4 19 2
DEBUG:root:Order:4 2 1
DEBUG:root:Order:4 9 1
DEBUG:root:Finish turn

DEBUG:root:Order:5 22 6
DEBUG:root:Order:11 22 4
DEBUG:root:Order:2 22 3
DEBUG:root:Order:14 22 1
DEBUG:root:Order:14 4 3
DEBUG:root:Order:14 7 3
DEBUG:root:Order:15 7 2
DEBUG:root:Finish turn

DEBUG:root:Order:2 8 2
DEBUG:root:Order:2 14 2
DEBUG:root:Order:2 19 2
DEBUG:root:Order:2 4 1
DEBUG:root:Order:2 9 2
DEBUG:root:Order:5 9 2
DEBUG:root:Order:7 9 2
DEBUG:root:Order:11 9 1
DEBUG:root:Finish turn

DEBUG:root:Order:9 2 4
DEBUG:root:Order:9 8 2
DEBUG:root:Order:9 19 2
DEBUG:root:Order:9 4 1
DEBUG:root:Order:9 7 1
DEBUG:root:Order:9 22 5
DEBUG:root:Order:5 22 2
DEBUG:root:Order:11 22 1
DEBUG:root:Finish turn

DEBUG:root:Order:22 9 7
DEBUG:root:Order:5 9 2
DEBUG:root:Order:2 9 1
DEBUG:root:Order:2 7 1
DEBUG:root:Order:11 7 1
DEBUG:root:Order:11 8 1
DEBUG:root:Order:14 8 1
DEBUG:root:Order:14 19 1
DEBUG:root:Finish turn

DEBUG:root:Order:5 22 9
DEBUG:root:Order:2 22 8
DEBUG:root:Order:11 22 7
DEBUG:root:Order:15 22 7
DEBUG:root:Order:9 22 5
DEBUG:root:Order:4 22 4
DEBUG:root:Order:7 22 4
DEBUG:root:Order:8 22 4
DEBUG:root:Order:19 22 3
DEBUG:root:Finish turn

DEBUG:root:Order:2 22 3
DEBUG:root:Order:5 22 3
DEBUG:root:Order:5 7 1
DEBUG:root:Order:5 8 1
DEBUG:root:Order:5 19 1
DEBUG:root:Finish turn

DEBUG:root:Order:11 7 1
DEBUG:root:Order:11 8 1
DEBUG:root:Order:11 19 1
DEBUG:root:Order:11 4 3
DEBUG:root:Order:2 4 2
DEBUG:root:Order:15 4 1
DEBUG:root:Finish turn

DEBUG:root:Order:4 14 29
DEBUG:root:Order:2 14 27
DEBUG:root:Order:5 14 26
DEBUG:root:Order:15 14 25
DEBUG:root:Bad order:22 6.0 25
DEBUG:root:Order:9 14 23
DEBUG:root:Order:11 14 23
DEBUG:root:Order:7 14 22
DEBUG:root:Order:8 14 22
DEBUG:root:Order:19 14 22
DEBUG:root:Finish turn

DEBUG:root:Bad order:22 10.0 25
DEBUG:root:Order:2 14 2
DEBUG:root:Order:5 14 2
DEBUG:root:Order:11 14 1
DEBUG:root:Finish turn

DEBUG:root:Bad order:22 17.0 20
DEBUG:root:Order:22 7 3
DEBUG:root:Order:22 8 3
DEBUG:root:Order:22 19 3
DEBUG:root:Order:22 4 1
DEBUG:root:Order:22 9 1
DEBUG:root:Finish turn

DEBUG:root:Bad order:22 9.0 14
DEBUG:root:Order:2 14 4
DEBUG:root:Order:5 14 4
DEBUG:root:Order:11 14 2
DEBUG:root:Finish turn

DEBUG:root:Order:22 14 8
DEBUG:root:Order:22 7 4
DEBUG:root:Order:22 8 4
DEBUG:root:Bad order:22 1.0 4
DEBUG:root:Bad order:22 1.0 2
DEBUG:root:Bad order:22 1.0 2
DEBUG:root:Finish turn

DEBUG:root:Order:2 19 5
DEBUG:root:Order:2 4 2
DEBUG:root:Order:2 9 2
DEBUG:root:Order:2 7 1
DEBUG:root:Order:2 8 1
DEBUG:root:Order:2 22 5
DEBUG:root:Order:5 22 5
DEBUG:root:Order:11 22 3
DEBUG:root:Order:14 22 1
DEBUG:root:Order:15 22 1
DEBUG:root:Finish turn

DEBUG:root:Order:22 2 8
DEBUG:root:Order:22 7 2
DEBUG:root:Order:22 8 2
DEBUG:root:Order:22 19 2
DEBUG:root:Order:22 4 1
DEBUG:root:Order:22 9 1
DEBUG:root:Finish turn

DEBUG:root:Order:5 7 2
DEBUG:root:Order:5 8 2
DEBUG:root:Order:5 19 2
DEBUG:root:Order:5 4 1
DEBUG:root:Order:5 9 1
DEBUG:root:Order:5 22 1
DEBUG:root:Finish turn

DEBUG:root:Order:2 5 2
DEBUG:root:Order:2 7 2
DEBUG:root:Order:2 8 2
DEBUG:root:Order:2 19 2
DEBUG:root:Order:2 4 1
DEBUG:root:Order:2 9 1
DEBUG:root:Order:2 22 3
DEBUG:root:Order:11 22 3
DEBUG:root:Order:14 22 3
DEBUG:root:Finish turn

DEBUG:root:Order:5 22 4
DEBUG:root:Order:11 22 4
DEBUG:root:Order:14 22 4
DEBUG:root:Order:15 22 3
DEBUG:root:Order:4 22 1
DEBUG:root:Order:9 22 1
DEBUG:root:Finish turn

DEBUG:root:Order:5 22 7
DEBUG:root:Order:11 22 6
DEBUG:root:Order:14 22 6
DEBUG:root:Order:15 22 5
DEBUG:root:Order:4 22 4
DEBUG:root:Order:9 22 4
DEBUG:root:Order:7 22 3
DEBUG:root:Order:8 22 3
DEBUG:root:Order:19 22 3
DEBUG:root:Order:2 22 2
DEBUG:root:Finish turn

DEBUG:root:Order:2 22 2
DEBUG:root:Order:2 7 1
DEBUG:root:Order:2 8 1
DEBUG:root:Order:2 19 1
DEBUG:root:Order:2 4 2
DEBUG:root:Order:5 4 2
DEBUG:root:Order:11 4 1
DEBUG:root:Order:14 4 1
DEBUG:root:Finish turn

DEBUG:root:Order:4 2 2
DEBUG:root:Order:4 7 2
DEBUG:root:Order:4 8 2
DEBUG:root:Order:4 19 2
DEBUG:root:Order:4 9 1
DEBUG:root:Finish turn

DEBUG:root:Order:5 4 4
DEBUG:root:Order:11 4 1
DEBUG:root:Order:11 7 2
DEBUG:root:Order:11 8 2
DEBUG:root:Order:11 19 2
DEBUG:root:Order:11 9 1
DEBUG:root:Finish turn

DEBUG:root:Order:2 11 4
DEBUG:root:Order:2 7 2
DEBUG:root:Order:2 8 2
DEBUG:root:Order:2 19 2
DEBUG:root:Order:2 4 1
DEBUG:root:Order:2 9 1
DEBUG:root:Finish turn

DEBUG:root:Order:5 2 5
DEBUG:root:Order:5 7 1
DEBUG:root:Order:5 8 1
DEBUG:root:Order:5 19 1
DEBUG:root:Order:5 4 5
DEBUG:root:Order:14 4 5
DEBUG:root:Order:11 4 1
DEBUG:root:Order:15 4 1
DEBUG:root:Finish turn

DEBUG:root:Order:4 5 5
DEBUG:root:Order:4 7 2
DEBUG:root:Order:4 8 2
DEBUG:root:Order:4 19 2
DEBUG:root:Order:4 9 1
DEBUG:root:Finish turn

DEBUG:root:Order:2 4 2
DEBUG:root:Order:2 7 2
DEBUG:root:Order:2 8 2
DEBUG:root:Order:2 19 2
DEBUG:root:Order:2 9 1
DEBUG:root:Finish turn

DEBUG:root:Order:5 2 3
DEBUG:root:Order:5 7 2
DEBUG:root:Order:5 8 2
DEBUG:root:Order:5 19 2
DEBUG:root:Order:5 4 1
DEBUG:root:Order:5 9 1
DEBUG:root:Finish turn

DEBUG:root:Order:11 5 5
DEBUG:root:Order:11 7 2
DEBUG:root:Order:11 8 2
DEBUG:root:Order:11 19 2
DEBUG:root:Order:11 4 1
DEBUG:root:Order:11 9 1
DEBUG:root:Finish turn

DEBUG:root:Order:14 11 6
DEBUG:root:Order:14 7 1
DEBUG:root:Order:14 8 1
DEBUG:root:Order:14 19 1
DEBUG:root:Order:14 4 6
DEBUG:root:Order:2 4 4
DEBUG:root:Order:5 4 2
DEBUG:root:Order:15 4 1
DEBUG:root:Finish turn

DEBUG:root:Order:4 14 7
DEBUG:root:Order:4 7 2
DEBUG:root:Order:4 8 2
DEBUG:root:Order:4 19 2
DEBUG:root:Order:4 9 1
DEBUG:root:Finish turn

DEBUG:root:Order:2 4 3
DEBUG:root:Order:2 7 2
DEBUG:root:Order:2 8 2
DEBUG:root:Order:2 19 2
DEBUG:root:Order:2 9 1
DEBUG:root:Finish turn

DEBUG:root:Order:5 2 3
DEBUG:root:Order:5 7 2
DEBUG:root:Order:5 8 2
DEBUG:root:Order:5 19 2
DEBUG:root:Order:5 4 1
DEBUG:root:Order:5 9 1
DEBUG:root:Finish turn

DEBUG:root:Order:11 5 2
DEBUG:root:Order:11 7 2
DEBUG:root:Order:11 8 2
DEBUG:root:Order:11 19 2
DEBUG:root:Order:11 4 1
DEBUG:root:Order:11 9 1
DEBUG:root:Finish turn

DEBUG:root:Order:2 14 15
DEBUG:root:Order:5 14 13
DEBUG:root:Order:15 14 12
DEBUG:root:Order:4 14 10
DEBUG:root:Order:9 14 10
DEBUG:root:Order:7 14 9
DEBUG:root:Order:8 14 9
DEBUG:root:Order:19 14 9
DEBUG:root:Order:11 14 6
DEBUG:root:Finish turn

DEBUG:root:Order:2 14 15
DEBUG:root:Order:5 14 15
DEBUG:root:Order:11 14 14
DEBUG:root:Order:15 14 13
DEBUG:root:Order:4 14 12
DEBUG:root:Order:9 14 12
DEBUG:root:Order:7 14 11
DEBUG:root:Order:8 14 11
DEBUG:root:Order:19 14 11
DEBUG:root:Finish turn

DEBUG:root:Order:2 7 1
DEBUG:root:Order:2 8 1
DEBUG:root:Order:2 19 1
DEBUG:root:Order:2 4 2
DEBUG:root:Order:5 4 2
DEBUG:root:Order:11 4 1
DEBUG:root:Finish turn

DEBUG:root:Order:4 7 2
DEBUG:root:Order:4 8 2
DEBUG:root:Order:4 19 2
DEBUG:root:Order:4 9 1
DEBUG:root:Order:4 2 3
DEBUG:root:Order:5 2 2
DEBUG:root:Order:11 2 1
DEBUG:root:Finish turn

DEBUG:root:Order:2 4 7
DEBUG:root:Order:2 7 2
DEBUG:root:Order:2 8 2
DEBUG:root:Order:2 19 2
DEBUG:root:Order:2 9 1
DEBUG:root:Finish turn

DEBUG:root:Order:5 2 4
DEBUG:root:Order:5 7 2
DEBUG:root:Order:5 8 2
DEBUG:root:Order:5 19 2
DEBUG:root:Order:5 4 1
DEBUG:root:Order:5 9 1
DEBUG:root:Finish turn

DEBUG:root:Order:11 5 4
DEBUG:root:Order:11 7 1
DEBUG:root:Order:11 8 1
DEBUG:root:Order:11 19 1
DEBUG:root:Order:11 4 4
DEBUG:root:Order:2 4 2
DEBUG:root:Order:15 4 1
DEBUG:root:Finish turn

DEBUG:root:Order:4 11 5
DEBUG:root:Order:4 7 2
DEBUG:root:Order:4 8 2
DEBUG:root:Order:4 19 2
DEBUG:root:Order:4 9 1
DEBUG:root:Finish turn

DEBUG:root:Order:2 4 5
DEBUG:root:Order:5 4 1
DEBUG:root:Order:5 7 1
DEBUG:root:Order:5 8 1
DEBUG:root:Order:5 19 1
DEBUG:root:Order:5 9 4
DEBUG:root:Order:11 9 1
DEBUG:root:Order:15 9 1
DEBUG:root:Finish turn

DEBUG:root:Order:9 7 2
DEBUG:root:Order:9 8 2
DEBUG:root:Order:9 19 2
DEBUG:root:Order:9 4 1
DEBUG:root:Order:9 5 1
DEBUG:root:Finish turn

DEBUG:root:Order:2 9 4
DEBUG:root:Order:2 7 2
DEBUG:root:Order:2 8 2
DEBUG:root:Order:2 19 2
DEBUG:root:Order:2 4 1
DEBUG:root:Finish turn

DEBUG:root:Order:5 2 3
DEBUG:root:Order:5 7 1
DEBUG:root:Order:5 8 1
DEBUG:root:Order:5 19 1
DEBUG:root:Order:5 4 4
DEBUG:root:Order:11 4 4
DEBUG:root:Order:15 4 1
DEBUG:root:Finish turn

DEBUG:root:Order:4 14 44
DEBUG:root:Order:2 14 38
DEBUG:root:Order:11 14 38
DEBUG:root:Order:15 14 37
DEBUG:root:Order:9 14 35
DEBUG:root:Order:7 14 34
DEBUG:root:Order:8 14 34
DEBUG:root:Order:19 14 34
DEBUG:root:Order:5 14 33
DEBUG:root:Finish turn

DEBUG:root:Order:2 7 1
DEBUG:root:Order:2 8 1
DEBUG:root:Order:2 19 1
DEBUG:root:Order:2 4 2
DEBUG:root:Order:5 4 2
DEBUG:root:Order:11 4 1
DEBUG:root:Finish turn

DEBUG:root:Order:4 7 2
DEBUG:root:Order:4 8 2
DEBUG:root:Order:4 19 2
DEBUG:root:Order:4 9 1
DEBUG:root:Order:4 2 3
DEBUG:root:Order:5 2 2
DEBUG:root:Order:11 2 1
DEBUG:root:Order:14 2 1
DEBUG:root:Finish turn

DEBUG:root:Order:2 4 7
DEBUG:root:Order:2 7 2
DEBUG:root:Order:2 8 2
DEBUG:root:Order:2 19 2
DEBUG:root:Order:2 9 1
DEBUG:root:Finish turn

DEBUG:root:Order:5 2 3
DEBUG:root:Order:5 7 2
DEBUG:root:Order:5 8 2
DEBUG:root:Order:5 19 2
DEBUG:root:Order:5 4 1
DEBUG:root:Order:5 9 1
DEBUG:root:Finish turn

DEBUG:root:Order:11 5 3
DEBUG:root:Order:11 7 1
DEBUG:root:Order:11 8 1
DEBUG:root:Order:11 19 1
DEBUG:root:Order:11 4 4
DEBUG:root:Order:14 4 4
DEBUG:root:Order:2 4 2
DEBUG:root:Order:15 4 1
DEBUG:root:Finish turn

DEBUG:root:Order:4 11 4
DEBUG:root:Order:4 7 2
DEBUG:root:Order:4 8 2
DEBUG:root:Order:4 19 2
DEBUG:root:Order:4 9 1
DEBUG:root:Finish turn

DEBUG:root:Order:2 4 2
DEBUG:root:Order:2 7 2
DEBUG:root:Order:2 8 2
DEBUG:root:Order:2 19 2
DEBUG:root:Order:2 9 1
DEBUG:root:Finish turn

DEBUG:root:Order:5 2 2
DEBUG:root:Order:5 7 2
DEBUG:root:Order:5 8 2
DEBUG:root:Order:5 19 2
DEBUG:root:Order:5 4 1
DEBUG:root:Order:5 9 1
DEBUG:root:Finish turn

DEBUG:root:Order:14 5 2
DEBUG:root:Order:14 7 2
DEBUG:root:Order:14 8 2
DEBUG:root:Order:14 19 2
DEBUG:root:Order:14 4 1
DEBUG:root:Order:14 9 1
DEBUG:root:Finish turn

DEBUG:root:Order:2 14 3
DEBUG:root:Order:2 7 1
DEBUG:root:Order:2 8 1
DEBUG:root:Order:2 19 1
DEBUG:root:Order:2 4 4
DEBUG:root:Order:11 4 4
DEBUG:root:Order:5 4 2
DEBUG:root:Order:15 4 1
DEBUG:root:Finish turn

DEBUG:root:Order:4 2 3
DEBUG:root:Order:4 7 2
DEBUG:root:Order:4 8 2
DEBUG:root:Order:4 19 2
DEBUG:root:Order:4 9 1
DEBUG:root:Finish turn

DEBUG:root:Order:5 7 2
DEBUG:root:Order:5 8 2
DEBUG:root:Order:5 19 2
DEBUG:root:Order:5 4 1
DEBUG:root:Order:5 9 1
DEBUG:root:Finish turn

DEBUG:root:Order:2 7 2
DEBUG:root:Order:2 8 2
DEBUG:root:Order:2 19 2
DEBUG:root:Order:2 4 1
DEBUG:root:Order:2 5 1
DEBUG:root:Order:2 9 1
DEBUG:root:Finish turn

DEBUG:root:Order:11 2 3
DEBUG:root:Order:11 7 2
DEBUG:root:Order:11 8 2
DEBUG:root:Order:11 19 2
DEBUG:root:Order:11 4 1
DEBUG:root:Order:11 9 1
DEBUG:root:Finish turn

DEBUG:root:Order:14 11 4
DEBUG:root:Order:14 7 1
DEBUG:root:Order:14 8 1
DEBUG:root:Order:14 19 1
DEBUG:root:Order:14 4 5
DEBUG:root:Order:5 4 4
DEBUG:root:Order:2 4 2
DEBUG:root:Order:15 4 1
DEBUG:root:Finish turn

DEBUG:root:Order:4 14 35
DEBUG:root:Order:2 14 27
DEBUG:root:Order:5 14 27
DEBUG:root:Order:11 14 25
DEBUG:root:Order:15 14 25
DEBUG:root:Order:9 14 23
DEBUG:root:Order:7 14 22
DEBUG:root:Order:8 14 22
DEBUG:root:Order:19 14 22
DEBUG:root:Finish turn

DEBUG:root:Order:2 7 1
DEBUG:root:Order:2 8 1
DEBUG:root:Order:2 19 1
DEBUG:root:Order:2 4 2
DEBUG:root:Order:5 4 2
DEBUG:root:Order:11 4 1
DEBUG:root:Finish turn

DEBUG:root:Order:4 14 26
DEBUG:root:Order:5 14 25
DEBUG:root:Order:11 14 24
DEBUG:root:Order:15 14 23
DEBUG:root:Order:2 14 22
DEBUG:root:Order:9 14 21
DEBUG:root:Order:7 14 20
DEBUG:root:Order:8 14 20
DEBUG:root:Order:19 14 20
DEBUG:root:Finish turn

DEBUG:root:Order:2 14 21
DEBUG:root:Order:5 14 21
DEBUG:root:Order:11 14 20
DEBUG:root:Order:15 14 19
DEBUG:root:Order:4 14 18
DEBUG:root:Order:9 14 18
DEBUG:root:Order:7 14 17
DEBUG:root:Order:8 14 17
DEBUG:root:Order:19 14 17
DEBUG:root:Finish turn

DEBUG:root:Order:2 14 20
DEBUG:root:Order:5 14 20
DEBUG:root:Order:11 14 19
DEBUG:root:Order:15 14 18
DEBUG:root:Order:4 14 17
DEBUG:root:Order:9 14 17
DEBUG:root:Order:7 14 16
DEBUG:root:Order:8 14 16
DEBUG:root:Order:19 14 16
DEBUG:root:Finish turn

DEBUG:root:Order:2 7 1
DEBUG:root:Order:2 8 1
DEBUG:root:Order:2 19 1
DEBUG:root:Order:2 4 2
DEBUG:root:Order:5 4 2
DEBUG:root:Order:11 4 1
DEBUG:root:Finish turn

DEBUG:root:Order:4 2 11
DEBUG:root:Order:5 2 10
DEBUG:root:Order:11 2 9
DEBUG:root:Order:15 2 8
DEBUG:root:Order:9 2 6
DEBUG:root:Order:7 2 5
DEBUG:root:Order:8 2 5
DEBUG:root:Order:19 2 5
DEBUG:root:Finish turn

DEBUG:root:Order:5 2 3
DEBUG:root:Order:5 7 3
DEBUG:root:Order:11 7 2
DEBUG:root:Order:15 7 1
DEBUG:root:Finish turn

DEBUG:root:Order:7 14 32
DEBUG:root:Order:2 14 30
DEBUG:root:Order:11 14 30
DEBUG:root:Order:15 14 29
DEBUG:root:Order:4 14 28
DEBUG:root:Order:5 14 28
DEBUG:root:Order:9 14 28
DEBUG:root:Order:8 14 26
DEBUG:root:Order:19 14 26
DEBUG:root:Finish turn

DEBUG:root:Order:2 7 1
DEBUG:root:Order:2 8 1
DEBUG:root:Order:2 19 1
DEBUG:root:Order:2 4 2
DEBUG:root:Order:5 4 2
DEBUG:root:Order:11 4 1
DEBUG:root:Finish turn

DEBUG:root:Order:4 7 2
DEBUG:root:Order:4 8 2
DEBUG:root:Order:4 19 2
DEBUG:root:Order:4 9 1
DEBUG:root:Order:4 2 3
DEBUG:root:Order:5 2 2
DEBUG:root:Order:11 2 1
DEBUG:root:Finish turn

DEBUG:root:Order:2 4 7
DEBUG:root:Order:2 7 2
DEBUG:root:Order:2 8 2
DEBUG:root:Order:2 19 2
DEBUG:root:Order:2 9 1
DEBUG:root:Finish turn

DEBUG:root:Order:5 2 3
DEBUG:root:Order:5 7 1
DEBUG:root:Order:5 8 1
DEBUG:root:Order:5 19 1
DEBUG:root:Order:5 4 5
DEBUG:root:Order:11 4 3
DEBUG:root:Order:15 4 1
DEBUG:root:Finish turn

DEBUG:root:Order:4 5 3
DEBUG:root:Order:4 7 2
DEBUG:root:Order:4 8 2
DEBUG:root:Order:4 19 2
DEBUG:root:Order:4 9 1
DEBUG:root:Finish turn

DEBUG:root:Order:2 4 3
DEBUG:root:Order:2 7 2
DEBUG:root:Order:2 8 2
DEBUG:root:Order:2 19 2
DEBUG:root:Order:2 9 1
DEBUG:root:Finish turn

DEBUG:root:Order:5 2 3
DEBUG:root:Order:5 7 1
DEBUG:root:Order:5 8 1
DEBUG:root:Order:5 19 1
DEBUG:root:Order:5 4 4
DEBUG:root:Order:11 4 4
DEBUG:root:Order:15 4 1
DEBUG:root:Finish turn

DEBUG:root:Order:4 5 3
DEBUG:root:Order:4 7 2
DEBUG:root:Order:4 8 2
DEBUG:root:Order:4 19 2
DEBUG:root:Order:4 9 1
DEBUG:root:Finish turn

DEBUG:root:Order:2 4 3
DEBUG:root:Order:2 7 2
DEBUG:root:Order:2 8 2
DEBUG:root:Order:2 19 2
DEBUG:root:Order:2 9 1
DEBUG:root:Finish turn

DEBUG:root:Order:5 14 10
DEBUG:root:Order:11 14 10
DEBUG:root:Order:15 14 7
DEBUG:root:Order:4 14 5
DEBUG:root:Order:9 14 5
DEBUG:root:Order:7 14 4
DEBUG:root:Order:8 14 4
DEBUG:root:Order:19 14 4
DEBUG:root:Order:2 14 2
DEBUG:root:Finish turn

DEBUG:root:Order:2 14 5
DEBUG:root:Order:5 14 5
DEBUG:root:Order:11 14 4
DEBUG:root:Order:15 14 3
DEBUG:root:Order:4 14 2
DEBUG:root:Order:9 14 2
DEBUG:root:Order:7 14 1
DEBUG:root:Order:8 14 1
DEBUG:root:Order:19 14 1
DEBUG:root:Finish turn

DEBUG:root:Order:2 14 17
DEBUG:root:Order:5 14 17
DEBUG:root:Order:11 14 16
DEBUG:root:Order:15 14 15
DEBUG:root:Order:4 14 14
DEBUG:root:Order:9 14 14
DEBUG:root:Order:7 14 13
DEBUG:root:Order:8 14 13
DEBUG:root:Order:19 14 13
DEBUG:root:Finish turn

DEBUG:root:Order:2 14 18
DEBUG:root:Order:5 14 18
DEBUG:root:Order:11 14 17
DEBUG:root:Order:15 14 16
DEBUG:root:Order:4 14 15
DEBUG:root:Order:9 14 15
DEBUG:root:Order:7 14 14
DEBUG:root:Order:8 14 14
DEBUG:root:Order:19 14 14
DEBUG:root:Finish turn

DEBUG:root:Order:2 14 2
DEBUG:root:Order:5 14 1
DEBUG:root:Order:5 7 1
DEBUG:root:Order:5 8 1
DEBUG:root:Order:5 19 1
DEBUG:root:Order:5 4 2
DEBUG:root:Order:11 4 1
DEBUG:root:Finish turn

DEBUG:root:Order:2 7 2
DEBUG:root:Order:2 8 2
DEBUG:root:Order:2 19 2
DEBUG:root:Order:2 5 1
DEBUG:root:Order:2 9 1
DEBUG:root:Finish turn

DEBUG:root:Order:11 2 2
DEBUG:root:Order:11 7 1
DEBUG:root:Order:11 8 1
DEBUG:root:Order:11 19 1
DEBUG:root:Order:11 9 3
DEBUG:root:Order:5 9 2
DEBUG:root:Order:14 9 2
DEBUG:root:Order:4 9 1
DEBUG:root:Order:15 9 1
DEBUG:root:Finish turn

DEBUG:root:Order:9 11 3
DEBUG:root:Order:9 7 2
DEBUG:root:Order:9 8 2
DEBUG:root:Order:9 19 2
DEBUG:root:Order:9 4 7
DEBUG:root:Order:5 4 2
DEBUG:root:Order:2 4 1
DEBUG:root:Finish turn

DEBUG:root:Order:4 2 13
DEBUG:root:Order:5 2 7
DEBUG:root:Order:11 2 5
DEBUG:root:Order:15 2 5
DEBUG:root:Order:7 2 2
DEBUG:root:Order:8 2 2
DEBUG:root:Order:19 2 1
DEBUG:root:Order:19 9 2
DEBUG:root:Finish turn

DEBUG:root:Order:5 9 2
DEBUG:root:Order:2 9 1
DEBUG:root:Order:2 19 1
DEBUG:root:Order:11 19 1
DEBUG:root:Order:11 7 1
DEBUG:root:Order:11 8 1
DEBUG:root:Order:11 4 1
DEBUG:root:Finish turn

DEBUG:root:Order:5 7 1
DEBUG:root:Order:5 8 1
DEBUG:root:Order:5 19 1
DEBUG:root:Order:5 9 3
DEBUG:root:Order:2 9 2
DEBUG:root:Order:15 9 1
DEBUG:root:Finish turn

DEBUG:root:Order:9 7 2
DEBUG:root:Order:9 8 2
DEBUG:root:Order:9 19 2
DEBUG:root:Order:9 4 4
DEBUG:root:Order:2 4 2
DEBUG:root:Finish turn

DEBUG:root:Order:4 9 4
DEBUG:root:Order:2 9 2
DEBUG:root:Order:2 7 2
DEBUG:root:Order:2 8 2
DEBUG:root:Order:2 19 2
DEBUG:root:Finish turn

DEBUG:root:Order:5 2 2
DEBUG:root:Order:5 7 1
DEBUG:root:Order:5 8 1
DEBUG:root:Order:5 19 1
DEBUG:root:Order:5 9 4
DEBUG:root:Order:11 9 3
DEBUG:root:Order:15 9 1
DEBUG:root:Finish turn

DEBUG:root:Order:9 5 2
DEBUG:root:Order:9 7 2
DEBUG:root:Order:9 8 2
DEBUG:root:Order:9 19 2
DEBUG:root:Order:9 4 6
DEBUG:root:Order:2 4 1
DEBUG:root:Order:11 4 1
DEBUG:root:Finish turn

DEBUG:root:Order:4 9 6
DEBUG:root:Order:2 9 2
DEBUG:root:Order:2 7 2
DEBUG:root:Order:2 8 2
DEBUG:root:Order:2 19 2
DEBUG:root:Finish turn

DEBUG:root:Order:5 2 2
DEBUG:root:Order:5 7 1
DEBUG:root:Order:5 8 1
DEBUG:root:Order:5 19 1
DEBUG:root:Order:5 9 4
DEBUG:root:Order:11 9 3
DEBUG:root:Order:15 9 1
DEBUG:root:Finish turn

DEBUG:root:Order:9 5 2
DEBUG:root:Order:9 7 2
DEBUG:root:Order:9 8 2
DEBUG:root:Order:9 19 2
DEBUG:root:Order:9 4 6
DEBUG:root:Order:2 4 1
DEBUG:root:Order:11 4 1
DEBUG:root:Finish turn

DEBUG:root:Order:4 9 6
DEBUG:root:Order:2 9 2
DEBUG:root:Order:2 7 2
DEBUG:root:Order:2 8 2
DEBUG:root:Order:2 19 2
DEBUG:root:Finish turn

DEBUG:root:Order:5 2 2
DEBUG:root:Order:5 7 1
DEBUG:root:Order:5 8 1
DEBUG:root:Order:5 19 1
DEBUG:root:Order:5 9 4
DEBUG:root:Order:11 9 3
DEBUG:root:Order:15 9 1
DEBUG:root:Finish turn

DEBUG:root:Order:9 5 2
DEBUG:root:Order:9 7 2
DEBUG:root:Order:9 8 2
DEBUG:root:Order:9 19 2
DEBUG:root:Order:9 4 6
DEBUG:root:Order:2 4 1
DEBUG:root:Order:11 4 1
DEBUG:root:Finish turn

DEBUG:root:Order:4 9 6
DEBUG:root:Order:2 9 2
DEBUG:root:Order:2 7 2
DEBUG:root:Order:2 8 2
DEBUG:root:Order:2 19 2
DEBUG:root:Finish turn

DEBUG:root:Order:5 2 13
DEBUG:root:Order:11 2 12
DEBUG:root:Order:15 2 10
DEBUG:root:Order:4 2 9
DEBUG:root:Order:9 2 8
DEBUG:root:Order:7 2 7
DEBUG:root:Order:8 2 7
DEBUG:root:Order:19 2 7
DEBUG:root:Finish turn

DEBUG:root:Order:5 2 11
DEBUG:root:Order:11 2 10
DEBUG:root:Order:15 2 9
DEBUG:root:Order:4 2 8
DEBUG:root:Order:9 2 8
DEBUG:root:Order:7 2 7
DEBUG:root:Order:8 2 7
DEBUG:root:Order:19 2 7
DEBUG:root:Finish turn

DEBUG:root:Order:2 11 11
DEBUG:root:Order:5 11 11
DEBUG:root:Order:15 11 9
DEBUG:root:Order:4 11 8
DEBUG:root:Order:9 11 8
DEBUG:root:Order:7 11 7
DEBUG:root:Order:8 11 7
DEBUG:root:Order:19 11 7
DEBUG:root:Finish turn

DEBUG:root:Order:2 7 1
DEBUG:root:Order:2 8 1
DEBUG:root:Order:2 19 1
DEBUG:root:Order:2 4 2
DEBUG:root:Order:5 4 2
DEBUG:root:Finish turn

DEBUG:root:Order:4 7 2
DEBUG:root:Order:4 8 2
DEBUG:root:Order:4 19 2
DEBUG:root:Order:4 9 1
DEBUG:root:Order:4 2 2
DEBUG:root:Order:5 2 2
DEBUG:root:Order:11 2 1
DEBUG:root:Finish turn

DEBUG:root:Order:2 5 14
DEBUG:root:Order:11 5 9
DEBUG:root:Order:15 5 8
DEBUG:root:Order:9 5 6
DEBUG:root:Order:7 5 5
DEBUG:root:Order:8 5 5
DEBUG:root:Order:19 5 5
DEBUG:root:Finish turn

DEBUG:root:Order:2 5 11
DEBUG:root:Order:11 5 10
DEBUG:root:Order:15 5 9
DEBUG:root:Order:4 5 8
DEBUG:root:Order:9 5 8
DEBUG:root:Order:7 5 7
DEBUG:root:Order:8 5 7
DEBUG:root:Order:19 5 7
DEBUG:root:Finish turn

DEBUG:root:Order:2 7 1
DEBUG:root:Order:2 8 1
DEBUG:root:Order:2 19 1
DEBUG:root:Order:2 4 2
DEBUG:root:Order:5 4 1
DEBUG:root:Order:11 4 1
DEBUG:root:Finish turn

DEBUG:root:Order:4 7 2
DEBUG:root:Order:4 8 2
DEBUG:root:Order:4 19 2
DEBUG:root:Order:4 9 1
DEBUG:root:Order:4 2 2
DEBUG:root:Order:5 2 2
DEBUG:root:Order:11 2 1
DEBUG:root:Finish turn

DEBUG:root:Order:2 4 6
DEBUG:root:Order:2 7 1
DEBUG:root:Order:2 8 1
DEBUG:root:Order:2 19 1
DEBUG:root:Order:2 9 7
DEBUG:root:Order:5 9 3
DEBUG:root:Order:11 9 2
DEBUG:root:Order:15 9 1
DEBUG:root:Finish turn

DEBUG:root:Order:9 2 6
DEBUG:root:Order:9 7 2
DEBUG:root:Order:9 8 2
DEBUG:root:Order:9 19 2
DEBUG:root:Order:9 4 1
DEBUG:root:Finish turn

DEBUG:root:Order:5 7 2
DEBUG:root:Order:5 8 2
DEBUG:root:Order:5 9 2
DEBUG:root:Order:5 19 2
DEBUG:root:Order:5 4 1
DEBUG:root:Finish turn

DEBUG:root:Order:2 5 1
DEBUG:root:Order:2 7 1
DEBUG:root:Order:2 8 1
DEBUG:root:Order:2 19 1
DEBUG:root:Order:2 4 4
DEBUG:root:Order:11 4 4
DEBUG:root:Order:15 4 1
DEBUG:root:Finish turn

DEBUG:root:Order:4 7 2
DEBUG:root:Order:4 8 2
DEBUG:root:Order:4 19 2
DEBUG:root:Order:4 2 1
DEBUG:root:Order:4 9 1
DEBUG:root:Finish turn

DEBUG:root:Order:5 7 2
DEBUG:root:Order:5 8 2
DEBUG:root:Order:5 19 2
DEBUG:root:Order:5 4 1
DEBUG:root:Order:5 9 1
DEBUG:root:Finish turn

DEBUG:root:Order:2 5 1
DEBUG:root:Order:2 7 1
DEBUG:root:Order:2 8 1
DEBUG:root:Order:2 19 1
DEBUG:root:Order:2 4 4
DEBUG:root:Order:11 4 4
DEBUG:root:Order:15 4 1
DEBUG:root:Finish turn

DEBUG:root:Order:4 7 2
DEBUG:root:Order:4 8 2
DEBUG:root:Order:4 19 2
DEBUG:root:Order:4 2 1
DEBUG:root:Order:4 9 1
DEBUG:root:Finish turn

DEBUG:root:Order:5 7 2
DEBUG:root:Order:5 8 2
DEBUG:root:Order:5 19 2
DEBUG:root:Order:5 4 1
DEBUG:root:Order:5 9 1
DEBUG:root:Finish turn

DEBUG:root:Order:2 5 1
DEBUG:root:Order:2 7 1
DEBUG:root:Order:2 8 1
DEBUG:root:Order:2 19 1
DEBUG:root:Order:2 4 4
DEBUG:root:Order:11 4 4
DEBUG:root:Order:15 4 1
DEBUG:root:Finish turn

DEBUG:root:Order:4 7 2
DEBUG:root:Order:4 8 2
DEBUG:root:Order:4 19 2
DEBUG:root:Order:4 2 1
DEBUG:root:Order:4 9 1
DEBUG:root:Finish turn

DEBUG:root:Order:5 11 13
DEBUG:root:Order:2 11 11
DEBUG:root:Order:15 11 10
DEBUG:root:Order:4 11 8
DEBUG:root:Order:9 11 8
DEBUG:root:Order:7 11 7
DEBUG:root:Order:8 11 7
DEBUG:root:Order:19 11 7
DEBUG:root:Finish turn

DEBUG:root:Order:5 2 11
DEBUG:root:Order:15 2 9
DEBUG:root:Order:4 2 8
DEBUG:root:Order:9 2 8
DEBUG:root:Order:7 2 7
DEBUG:root:Order:8 2 7
DEBUG:root:Order:19 2 7
DEBUG:root:Order:11 2 6
DEBUG:root:Finish turn

DEBUG:root:Order:5 2 11
DEBUG:root:Order:11 2 10
DEBUG:root:Order:15 2 9
DEBUG:root:Order:4 2 8
DEBUG:root:Order:9 2 8
DEBUG:root:Order:7 2 7
DEBUG:root:Order:8 2 7
DEBUG:root:Order:19 2 7
DEBUG:root:Finish turn

DEBUG:root:Order:5 2 3
DEBUG:root:Order:11 2 1
DEBUG:root:Order:11 7 2
DEBUG:root:Order:15 7 1
DEBUG:root:Finish turn

DEBUG:root:Order:5 8 2
DEBUG:root:Order:5 19 2
DEBUG:root:Order:5 4 2
DEBUG:root:Order:2 4 1
DEBUG:root:Finish turn

DEBUG:root:Order:2 8 2
DEBUG:root:Order:2 19 2
DEBUG:root:Order:2 5 1
DEBUG:root:Order:2 7 1
DEBUG:root:Order:2 9 1
DEBUG:root:Finish turn

DEBUG:root:Order:11 2 19
DEBUG:root:Order:5 2 18
DEBUG:root:Order:4 2 17
DEBUG:root:Order:15 2 17
DEBUG:root:Order:9 2 15
DEBUG:root:Order:7 2 14
DEBUG:root:Order:8 2 14
DEBUG:root:Order:19 2 14
DEBUG:root:Finish turn

DEBUG:root:Order:2 7 1
DEBUG:root:Order:2 8 1
DEBUG:root:Order:2 19 1
DEBUG:root:Order:2 4 2
DEBUG:root:Order:5 4 2
DEBUG:root:Order:11 4 1
DEBUG:root:Finish turn

DEBUG:root:Order:4 7 2
DEBUG:root:Order:4 8 2
DEBUG:root:Order:4 19 2
DEBUG:root:Order:4 9 1
DEBUG:root:Order:4 2 3
DEBUG:root:Order:5 2 2
DEBUG:root:Order:11 2 1
DEBUG:root:Finish turn

DEBUG:root:Order:2 4 7
DEBUG:root:Order:2 7 2
DEBUG:root:Order:2 8 2
DEBUG:root:Order:2 19 2
DEBUG:root:Order:2 9 1
DEBUG:root:Finish turn

DEBUG:root:Order:5 2 3
DEBUG:root:Order:5 7 1
DEBUG:root:Order:5 8 1
DEBUG:root:Order:5 19 1
DEBUG:root:Order:5 4 5
DEBUG:root:Order:11 4 3
DEBUG:root:Order:15 4 1
DEBUG:root:Finish turn

DEBUG:root:Order:4 5 3
DEBUG:root:Order:4 7 2
DEBUG:root:Order:4 8 2
DEBUG:root:Order:4 19 2
DEBUG:root:Order:4 9 1
DEBUG:root:Finish turn

DEBUG:root:Order:2 4 3
DEBUG:root:Order:2 7 2
DEBUG:root:Order:2 8 2
DEBUG:root:Order:2 19 2
DEBUG:root:Order:2 9 1
DEBUG:root:Finish turn

DEBUG:root:Order:5 2 3
DEBUG:root:Order:5 7 1
DEBUG:root:Order:5 8 1
DEBUG:root:Order:5 19 1
DEBUG:root:Order:5 4 4
DEBUG:root:Order:11 4 4
DEBUG:root:Order:15 4 1
DEBUG:root:Finish turn

DEBUG:root:Order:4 5 3
DEBUG:root:Order:4 7 2
DEBUG:root:Order:4 8 2
DEBUG:root:Order:4 19 2
DEBUG:root:Order:4 9 1
DEBUG:root:Finish turn

DEBUG:root:Order:2 4 3
DEBUG:root:Order:2 7 2
DEBUG:root:Order:2 8 2
DEBUG:root:Order:2 19 2
DEBUG:root:Order:2 9 1
DEBUG:root:Finish turn

DEBUG:root:Order:5 2 3
DEBUG:root:Order:5 7 1
DEBUG:root:Order:5 8 1
DEBUG:root:Order:5 19 1
DEBUG:root:Order:5 4 4
DEBUG:root:Order:11 4 4
DEBUG:root:Order:15 4 1
DEBUG:root:Finish turn

DEBUG:root:Order:4 2 11
DEBUG:root:Order:11 2 5
DEBUG:root:Order:15 2 4
DEBUG:root:Order:9 2 2
DEBUG:root:Order:7 2 1
DEBUG:root:Order:8 2 1
DEBUG:root:Order:19 2 1
DEBUG:root:Finish turn

DEBUG:root:Order:5 2 9
DEBUG:root:Order:11 2 8
DEBUG:root:Order:15 2 7
DEBUG:root:Order:4 2 6
DEBUG:root:Order:9 2 6
DEBUG:root:Order:7 2 5
DEBUG:root:Order:8 2 5
DEBUG:root:Order:19 2 5
DEBUG:root:Finish turn

DEBUG:root:Order:5 2 3
DEBUG:root:Order:5 7 1
DEBUG:root:Order:5 8 1
DEBUG:root:Order:5 19 1
DEBUG:root:Finish turn

DEBUG:root:Order:11 7 1
DEBUG:root:Order:11 8 1
DEBUG:root:Order:11 19 1
DEBUG:root:Order:11 4 3
DEBUG:root:Order:2 4 2
DEBUG:root:Order:15 4 1
DEBUG:root:Finish turn

DEBUG:root:Order:4 7 2
DEBUG:root:Order:4 8 2
DEBUG:root:Order:4 19 2
DEBUG:root:Order:4 9 1
DEBUG:root:Order:4 11 1
DEBUG:root:Finish turn

DEBUG:root:Order:2 4 4
DEBUG:root:Order:2 7 2
DEBUG:root:Order:2 8 2
DEBUG:root:Order:2 19 2
DEBUG:root:Order:2 9 1
DEBUG:root:Finish turn

DEBUG:root:Order:11 5 13
DEBUG:root:Order:15 5 12
DEBUG:root:Order:4 5 10
DEBUG:root:Order:9 5 10
DEBUG:root:Order:7 5 9
DEBUG:root:Order:8 5 9
DEBUG:root:Order:19 5 9
DEBUG:root:Order:2 5 7
DEBUG:root:Finish turn

DEBUG:root:Order:2 5 3
DEBUG:root:Order:11 5 1
DEBUG:root:Order:11 7 2
DEBUG:root:Order:15 7 1
DEBUG:root:Finish turn

DEBUG:root:Order:2 8 2
DEBUG:root:Order:2 19 2
DEBUG:root:Order:2 4 2
DEBUG:root:Order:5 4 1
DEBUG:root:Finish turn

DEBUG:root:Order:5 8 2
DEBUG:root:Order:5 19 2
DEBUG:root:Order:5 2 1
DEBUG:root:Order:5 7 1
DEBUG:root:Order:5 9 1
DEBUG:root:Finish turn

DEBUG:root:Order:11 5 1
DEBUG:root:Order:11 7 1
DEBUG:root:Order:11 8 1
DEBUG:root:Order:11 19 1
DEBUG:root:Order:11 9 3
DEBUG:root:Order:2 9 2
DEBUG:root:Order:4 9 1
DEBUG:root:Order:15 9 1
DEBUG:root:Finish turn

DEBUG:root:Order:9 7 2
DEBUG:root:Order:9 8 2
DEBUG:root:Order:9 11 2
DEBUG:root:Order:9 19 2
DEBUG:root:Order:9 4 5
DEBUG:root:Order:2 4 2
DEBUG:root:Order:5 4 1
DEBUG:root:Finish turn

DEBUG:root:Order:4 9 6
DEBUG:root:Order:2 9 2
DEBUG:root:Order:2 7 2
DEBUG:root:Order:2 8 2
DEBUG:root:Order:2 19 2
DEBUG:root:Finish turn

DEBUG:root:Order:5 2 2
DEBUG:root:Order:5 7 1
DEBUG:root:Order:5 8 1
DEBUG:root:Order:5 19 1
DEBUG:root:Order:5 9 5
DEBUG:root:Order:11 9 2
DEBUG:root:Order:15 9 1
DEBUG:root:Finish turn

DEBUG:root:Order:9 5 2
DEBUG:root:Order:9 7 2
DEBUG:root:Order:9 8 2
DEBUG:root:Order:9 19 2
DEBUG:root:Order:9 4 6
DEBUG:root:Order:2 4 1
DEBUG:root:Order:11 4 1
DEBUG:root:Finish turn

DEBUG:root:Order:4 9 6
DEBUG:root:Order:2 9 2
DEBUG:root:Order:2 7 2
DEBUG:root:Order:2 8 2
DEBUG:root:Order:2 19 2
DEBUG:root:Finish turn

DEBUG:root:Order:5 2 2
DEBUG:root:Order:5 7 1
DEBUG:root:Order:5 8 1
DEBUG:root:Order:5 19 1
DEBUG:root:Order:5 9 4
DEBUG:root:Order:11 9 3
DEBUG:root:Order:15 9 1
DEBUG:root:Finish turn

DEBUG:root:Order:9 2 18
DEBUG:root:Order:11 2 13
DEBUG:root:Order:15 2 12
DEBUG:root:Order:4 2 11
DEBUG:root:Order:5 2 9
DEBUG:root:Order:7 2 9
DEBUG:root:Order:8 2 9
DEBUG:root:Order:19 2 9
DEBUG:root:Finish turn

DEBUG:root:Order:5 2 15
DEBUG:root:Order:11 2 14
DEBUG:root:Order:15 2 13
DEBUG:root:Order:4 2 12
DEBUG:root:Order:9 2 12
DEBUG:root:Order:7 2 11
DEBUG:root:Order:8 2 11
DEBUG:root:Order:19 2 11
DEBUG:root:Finish turn

DEBUG:root:Order:5 7 1
DEBUG:root:Order:5 8 1
DEBUG:root:Order:5 19 1
DEBUG:root:Order:5 4 2
DEBUG:root:Order:11 4 1
DEBUG:root:Finish turn

DEBUG:root:Order:2 7 2
DEBUG:root:Order:2 8 2
DEBUG:root:Order:2 19 2
DEBUG:root:Order:2 9 1
DEBUG:root:Order:2 5 2
DEBUG:root:Order:4 5 1
DEBUG:root:Order:11 5 1
DEBUG:root:Finish turn

DEBUG:root:Order:5 2 3
DEBUG:root:Order:5 7 1
DEBUG:root:Order:5 8 1
DEBUG:root:Order:5 19 1
DEBUG:root:Order:5 9 6
DEBUG:root:Order:11 9 2
DEBUG:root:Order:15 9 1
DEBUG:root:Finish turn

DEBUG:root:Order:9 5 3
DEBUG:root:Order:9 7 2
DEBUG:root:Order:9 8 2
DEBUG:root:Order:9 19 2
DEBUG:root:Order:9 4 7
DEBUG:root:Order:2 4 1
DEBUG:root:Order:11 4 1
DEBUG:root:Finish turn

DEBUG:root:Order:4 5 18
DEBUG:root:Order:2 5 13
DEBUG:root:Order:11 5 12
DEBUG:root:Order:15 5 11
DEBUG:root:Order:7 5 8
DEBUG:root:Order:8 5 8
DEBUG:root:Order:19 5 8
DEBUG:root:Order:9 5 1
DEBUG:root:Finish turn

DEBUG:root:Order:2 7 1
DEBUG:root:Order:2 8 1
DEBUG:root:Order:2 19 1
DEBUG:root:Order:2 4 2
DEBUG:root:Order:11 4 1
DEBUG:root:Finish turn

DEBUG:root:Order:5 7 2
DEBUG:root:Order:5 8 2
DEBUG:root:Order:5 19 2
DEBUG:root:Order:5 9 1
DEBUG:root:Order:5 2 2
DEBUG:root:Order:4 2 1
DEBUG:root:Order:11 2 1
DEBUG:root:Finish turn

DEBUG:root:Order:2 11 18
DEBUG:root:Order:15 11 13
DEBUG:root:Order:4 11 12
DEBUG:root:Order:9 11 11
DEBUG:root:Order:7 11 10
DEBUG:root:Order:8 11 10
DEBUG:root:Order:19 11 10
DEBUG:root:Order:5 11 8
DEBUG:root:Finish turn

DEBUG:root:Order:2 7 1
DEBUG:root:Order:2 8 1
DEBUG:root:Order:2 11 1
DEBUG:root:Order:2 19 1
DEBUG:root:Order:2 4 2
DEBUG:root:Order:5 4 2
DEBUG:root:Finish turn

DEBUG:root:Order:4 11 15
DEBUG:root:Order:5 11 15
DEBUG:root:Order:15 11 13
DEBUG:root:Order:2 11 11
DEBUG:root:Order:9 11 11
DEBUG:root:Order:7 11 10
DEBUG:root:Order:8 11 10
DEBUG:root:Order:19 11 10
DEBUG:root:Finish turn

DEBUG:root:Order:5 2 9
DEBUG:root:Order:15 2 7
DEBUG:root:Order:4 2 6
DEBUG:root:Order:9 2 6
DEBUG:root:Order:7 2 5
DEBUG:root:Order:8 2 5
DEBUG:root:Order:19 2 5
DEBUG:root:Finish turn

DEBUG:root:Order:5 11 19
DEBUG:root:Order:15 11 17
DEBUG:root:Order:4 11 16
DEBUG:root:Order:9 11 16
DEBUG:root:Order:7 11 15
DEBUG:root:Order:8 11 15
DEBUG:root:Order:19 11 15
DEBUG:root:Order:2 11 14
DEBUG:root:Finish turn

DEBUG:root:Order:2 11 3
DEBUG:root:Order:5 11 1
DEBUG:root:Order:5 7 3
DEBUG:root:Order:15 7 1
DEBUG:root:Finish turn

DEBUG:root:Order:2 8 2
DEBUG:root:Order:2 19 2
DEBUG:root:Order:2 4 2
DEBUG:root:Order:5 4 1
DEBUG:root:Order:7 4 1
DEBUG:root:Finish turn

DEBUG:root:Order:4 8 2
DEBUG:root:Order:4 19 2
DEBUG:root:Order:4 2 1
DEBUG:root:Order:4 7 1
DEBUG:root:Order:4 9 1
DEBUG:root:Finish turn

DEBUG:root:Order:5 2 13
DEBUG:root:Order:11 2 11
DEBUG:root:Order:15 2 9
DEBUG:root:Order:9 2 7
DEBUG:root:Order:7 2 6
DEBUG:root:Order:8 2 6
DEBUG:root:Order:19 2 6
DEBUG:root:Order:4 2 3
DEBUG:root:Finish turn

DEBUG:root:Order:5 2 3
DEBUG:root:Order:11 2 1
DEBUG:root:Order:11 7 2
DEBUG:root:Order:15 7 1
DEBUG:root:Finish turn

DEBUG:root:Order:5 8 2
DEBUG:root:Order:5 19 2
DEBUG:root:Order:5 4 2
DEBUG:root:Order:2 4 1
DEBUG:root:Finish turn

DEBUG:root:Order:2 8 2
DEBUG:root:Order:2 19 2
DEBUG:root:Order:2 5 1
DEBUG:root:Order:2 7 1
DEBUG:root:Order:2 9 1
DEBUG:root:Finish turn

DEBUG:root:Order:11 2 1
DEBUG:root:Order:11 7 1
DEBUG:root:Order:11 8 1
DEBUG:root:Order:11 19 1
DEBUG:root:Order:11 9 3
DEBUG:root:Order:5 9 2
DEBUG:root:Order:4 9 1
DEBUG:root:Order:15 9 1
DEBUG:root:Finish turn

DEBUG:root:Order:9 7 2
DEBUG:root:Order:9 8 2
DEBUG:root:Order:9 11 2
DEBUG:root:Order:9 19 2
DEBUG:root:Order:9 4 5
DEBUG:root:Order:5 4 2
DEBUG:root:Order:2 4 1
DEBUG:root:Finish turn

DEBUG:root:Order:4 9 6
DEBUG:root:Order:2 9 2
DEBUG:root:Order:2 7 2
DEBUG:root:Order:2 8 2
DEBUG:root:Order:2 19 2
DEBUG:root:Finish turn

DEBUG:root:Order:5 2 2
DEBUG:root:Order:5 7 1
DEBUG:root:Order:5 8 1
DEBUG:root:Order:5 19 1
DEBUG:root:Order:5 9 5
DEBUG:root:Order:11 9 2
DEBUG:root:Order:15 9 1
DEBUG:root:Finish turn

DEBUG:root:Order:9 5 2
DEBUG:root:Order:9 7 2
DEBUG:root:Order:9 8 2
DEBUG:root:Order:9 19 2
DEBUG:root:Order:9 4 6
DEBUG:root:Order:2 4 1
DEBUG:root:Order:11 4 1
DEBUG:root:Finish turn

DEBUG:root:Order:4 9 6
DEBUG:root:Order:2 9 2
DEBUG:root:Order:2 7 2
DEBUG:root:Order:2 8 2
DEBUG:root:Order:2 19 2
DEBUG:root:Finish turn

DEBUG:root:Order:5 2 2
DEBUG:root:Order:5 7 1
DEBUG:root:Order:5 8 1
DEBUG:root:Order:5 19 1
DEBUG:root:Order:5 9 4
DEBUG:root:Order:11 9 3
DEBUG:root:Order:15 9 1
DEBUG:root:Finish turn

DEBUG:root:Order:9 5 2
DEBUG:root:Order:9 7 2
DEBUG:root:Order:9 8 2
DEBUG:root:Order:9 19 2
DEBUG:root:Order:9 4 6
DEBUG:root:Order:2 4 1
DEBUG:root:Order:11 4 1
DEBUG:root:Finish turn

DEBUG:root:Order:4 9 6
DEBUG:root:Order:2 9 2
DEBUG:root:Order:2 7 2
DEBUG:root:Order:2 8 2
DEBUG:root:Order:2 19 2
DEBUG:root:Finish turn

DEBUG:root:Order:5 2 2
DEBUG:root:Order:5 7 1
DEBUG:root:Order:5 8 1
DEBUG:root:Order:5 19 1
DEBUG:root:Order:5 9 4
DEBUG:root:Order:11 9 3
DEBUG:root:Order:15 9 1
DEBUG:root:Finish turn

DEBUG:root:Order:9 5 2
DEBUG:root:Order:9 7 2
DEBUG:root:Order:9 8 2
DEBUG:root:Order:9 19 2
DEBUG:root:Order:9 4 6
DEBUG:root:Order:2 4 1
DEBUG:root:Order:11 4 1
DEBUG:root:Finish turn

DEBUG:root:Order:4 2 17
DEBUG:root:Order:5 2 12
DEBUG:root:Order:11 2 12
DEBUG:root:Order:15 2 11
DEBUG:root:Order:7 2 8
DEBUG:root:Order:8 2 8
DEBUG:root:Order:19 2 8
DEBUG:root:Order:9 2 2
DEBUG:root:Finish turn

DEBUG:root:Order:5 2 14
DEBUG:root:Order:11 2 13
DEBUG:root:Order:15 2 12
DEBUG:root:Order:4 2 11
DEBUG:root:Order:9 2 11
DEBUG:root:Order:7 2 10
DEBUG:root:Order:8 2 10
DEBUG:root:Order:19 2 10
DEBUG:root:Finish turn

DEBUG:root:Order:5 2 3
DEBUG:root:Order:5 7 1
DEBUG:root:Order:5 8 1
DEBUG:root:Order:5 19 1
DEBUG:root:Finish turn

DEBUG:root:Order:11 7 1
DEBUG:root:Order:11 8 1
DEBUG:root:Order:11 19 1
DEBUG:root:Order:11 4 3
DEBUG:root:Order:2 4 2
DEBUG:root:Order:15 4 1
DEBUG:root:Finish turn

DEBUG:root:Order:4 7 2
DEBUG:root:Order:4 8 2
DEBUG:root:Order:4 19 2
DEBUG:root:Order:4 9 1
DEBUG:root:Order:4 11 1
DEBUG:root:Finish turn

DEBUG:root:Order:2 4 4
DEBUG:root:Order:2 7 2
DEBUG:root:Order:2 8 2
DEBUG:root:Order:2 19 2
DEBUG:root:Order:2 9 1
DEBUG:root:Finish turn

DEBUG:root:Order:5 2 3
DEBUG:root:Order:5 7 1
DEBUG:root:Order:5 8 1
DEBUG:root:Order:5 19 1
DEBUG:root:Order:5 4 6
DEBUG:root:Order:11 4 2
DEBUG:root:Order:15 4 1
DEBUG:root:Finish turn

DEBUG:root:Order:4 5 3
DEBUG:root:Order:4 7 2
DEBUG:root:Order:4 8 2
DEBUG:root:Order:4 19 2
DEBUG:root:Order:4 9 1
DEBUG:root:Finish turn

DEBUG:root:Order:2 4 3
DEBUG:root:Order:2 7 2
DEBUG:root:Order:2 8 2
DEBUG:root:Order:2 19 2
DEBUG:root:Order:2 9 1
DEBUG:root:Finish turn

DEBUG:root:Order:5 2 3
DEBUG:root:Order:5 7 1
DEBUG:root:Order:5 8 1
DEBUG:root:Order:5 19 1
DEBUG:root:Order:5 4 4
DEBUG:root:Order:11 4 4
DEBUG:root:Order:15 4 1
DEBUG:root:Finish turn

DEBUG:root:Order:4 5 3
DEBUG:root:Order:4 7 2
DEBUG:root:Order:4 8 2
DEBUG:root:Order:4 19 2
DEBUG:root:Order:4 9 1
DEBUG:root:Finish turn

DEBUG:root:Order:2 4 3
DEBUG:root:Order:2 7 2
DEBUG:root:Order:2 8 2
DEBUG:root:Order:2 19 2
DEBUG:root:Order:2 9 1
DEBUG:root:Finish turn

DEBUG:root:Order:5 2 13
DEBUG:root:Order:11 2 13
DEBUG:root:Order:15 2 10
DEBUG:root:Order:4 2 8
DEBUG:root:Order:9 2 8
DEBUG:root:Order:7 2 7
DEBUG:root:Order:8 2 7
DEBUG:root:Order:19 2 7
DEBUG:root:Finish turn

DEBUG:root:Order:5 2 13
DEBUG:root:Order:11 2 12
DEBUG:root:Order:15 2 11
DEBUG:root:Order:4 2 10
DEBUG:root:Order:9 2 10
DEBUG:root:Order:7 2 9
DEBUG:root:Order:8 2 9
DEBUG:root:Order:19 2 9
DEBUG:root:Finish turn

DEBUG:root:Order:5 2 3
DEBUG:root:Order:11 2 1
DEBUG:root:Order:11 7 2
DEBUG:root:Order:15 7 1
DEBUG:root:Finish turn

DEBUG:root:Order:5 8 2
DEBUG:root:Order:5 19 2
DEBUG:root:Order:5 4 2
DEBUG:root:Order:2 4 1
DEBUG:root:Finish turn

DEBUG:root:Order:4 2 18
DEBUG:root:Order:11 2 18
DEBUG:root:Order:15 2 17
DEBUG:root:Order:5 2 15
DEBUG:root:Order:7 2 15
DEBUG:root:Order:9 2 15
DEBUG:root:Order:8 2 14
DEBUG:root:Order:19 2 14
DEBUG:root:Finish turn

DEBUG:root:Order:5 7 1
DEBUG:root:Order:5 8 1
DEBUG:root:Order:5 19 1
DEBUG:root:Order:5 2 2
DEBUG:root:Order:11 2 1
DEBUG:root:Finish turn

DEBUG:root:Order:2 7 2
DEBUG:root:Order:2 8 2
DEBUG:root:Order:2 19 2
DEBUG:root:Order:2 4 1
DEBUG:root:Order:2 9 1
DEBUG:root:Finish turn

DEBUG:root:Order:11 7 1
DEBUG:root:Order:11 8 1
DEBUG:root:Order:11 19 1
DEBUG:root:Order:11 2 3
DEBUG:root:Order:5 2 2
DEBUG:root:Order:15 2 1
DEBUG:root:Finish turn

DEBUG:root:Order:2 7 2
DEBUG:root:Order:2 8 2
DEBUG:root:Order:2 19 2
DEBUG:root:Order:2 4 1
DEBUG:root:Order:2 9 1
DEBUG:root:Order:2 11 1
DEBUG:root:Finish turn

DEBUG:root:Order:2 5 13
DEBUG:root:Order:11 5 13
DEBUG:root:Order:15 5 13
DEBUG:root:Order:4 5 11
DEBUG:root:Order:9 5 11
DEBUG:root:Order:7 5 10
DEBUG:root:Order:8 5 10
DEBUG:root:Order:19 5 10
DEBUG:root:Finish turn

DEBUG:root:Order:2 7 1
DEBUG:root:Order:2 8 1
DEBUG:root:Order:2 19 1
DEBUG:root:Order:2 4 2
DEBUG:root:Order:11 4 1
DEBUG:root:Finish turn

DEBUG:root:Order:4 11 13
DEBUG:root:Order:5 11 13
DEBUG:root:Order:15 11 12
DEBUG:root:Order:2 11 11
DEBUG:root:Order:9 11 10
DEBUG:root:Order:7 11 9
DEBUG:root:Order:8 11 9
DEBUG:root:Order:19 11 9
DEBUG:root:Finish turn

DEBUG:root:Order:2 11 14
DEBUG:root:Order:5 11 14
DEBUG:root:Order:15 11 12
DEBUG:root:Order:4 11 11
DEBUG:root:Order:9 11 11
DEBUG:root:Order:7 11 10
DEBUG:root:Order:8 11 10
DEBUG:root:Order:19 11 10
DEBUG:root:Finish turn

DEBUG:root:Order:2 11 15
DEBUG:root:Order:5 11 15
DEBUG:root:Order:15 11 13
DEBUG:root:Order:4 11 12
DEBUG:root:Order:9 11 12
DEBUG:root:Order:7 11 11
DEBUG:root:Order:8 11 11
DEBUG:root:Order:19 11 11
DEBUG:root:Finish turn

DEBUG:root:Order:2 7 1
DEBUG:root:Order:2 8 1
DEBUG:root:Order:2 19 1
DEBUG:root:Order:2 4 2
DEBUG:root:Order:5 4 2
DEBUG:root:Order:11 4 1
DEBUG:root:Finish turn

DEBUG:root:Order:4 2 5
DEBUG:root:Order:5 2 4
DEBUG:root:Order:11 2 3
DEBUG:root:Order:15 2 2
DEBUG:root:Finish turn

DEBUG:root:Order:5 7 1
DEBUG:root:Order:5 8 1
DEBUG:root:Order:5 19 1
DEBUG:root:Order:5 2 3
DEBUG:root:Order:11 2 2
DEBUG:root:Order:15 2 1
DEBUG:root:Finish turn

DEBUG:root:Order:2 7 2
DEBUG:root:Order:2 8 2
DEBUG:root:Order:2 19 2
DEBUG:root:Order:2 4 7
DEBUG:root:Order:11 4 1
DEBUG:root:Finish turn

DEBUG:root:Order:4 2 3
DEBUG:root:Order:4 7 2
DEBUG:root:Order:4 8 2
DEBUG:root:Order:4 19 2
DEBUG:root:Order:4 9 1
DEBUG:root:Finish turn

DEBUG:root:Order:5 4 3
DEBUG:root:Order:5 7 1
DEBUG:root:Order:5 8 1
DEBUG:root:Order:5 19 1
DEBUG:root:Order:5 9 4
DEBUG:root:Order:11 9 3
DEBUG:root:Order:2 9 2
DEBUG:root:Order:15 9 1
DEBUG:root:Finish turn

DEBUG:root:Order:9 2 15
DEBUG:root:Order:11 2 8
DEBUG:root:Order:15 2 7
DEBUG:root:Order:4 2 5
DEBUG:root:Order:7 2 4
DEBUG:root:Order:8 2 4
DEBUG:root:Order:19 2 4
DEBUG:root:Order:5 2 3
DEBUG:root:Finish turn

DEBUG:root:Order:5 2 3
DEBUG:root:Order:5 7 1
DEBUG:root:Order:5 8 1
DEBUG:root:Order:5 19 1
DEBUG:root:Finish turn

DEBUG:root:Order:11 7 1
DEBUG:root:Order:11 8 1
DEBUG:root:Order:11 19 1
DEBUG:root:Order:11 4 3
DEBUG:root:Order:2 4 2
DEBUG:root:Order:15 4 1
DEBUG:root:Finish turn

DEBUG:root:Order:4 7 2
DEBUG:root:Order:4 8 2
DEBUG:root:Order:4 19 2
DEBUG:root:Order:4 9 1
DEBUG:root:Order:4 11 1
DEBUG:root:Finish turn

DEBUG:root:Order:2 4 4
DEBUG:root:Order:2 7 2
DEBUG:root:Order:2 8 2
DEBUG:root:Order:2 19 2
DEBUG:root:Order:2 9 1
DEBUG:root:Finish turn

DEBUG:root:Order:5 2 3
DEBUG:root:Order:5 7 1
DEBUG:root:Order:5 8 1
DEBUG:root:Order:5 19 1
DEBUG:root:Order:5 4 6
DEBUG:root:Order:11 4 2
DEBUG:root:Order:15 4 1
DEBUG:root:Finish turn

DEBUG:root:Order:4 5 3
DEBUG:root:Order:4 7 2
DEBUG:root:Order:4 8 2
DEBUG:root:Order:4 19 2
DEBUG:root:Order:4 9 1
DEBUG:root:Finish turn

DEBUG:root:Order:2 4 3
DEBUG:root:Order:2 7 2
DEBUG:root:Order:2 8 2
DEBUG:root:Order:2 19 2
DEBUG:root:Order:2 9 1
DEBUG:root:Finish turn

DEBUG:root:Order:5 2 3
DEBUG:root:Order:5 7 1
DEBUG:root:Order:5 8 1
DEBUG:root:Order:5 19 1
DEBUG:root:Order:5 4 4
DEBUG:root:Order:11 4 4
DEBUG:root:Order:15 4 1
DEBUG:root:Finish turn

DEBUG:root:Order:4 5 3
DEBUG:root:Order:4 7 2
DEBUG:root:Order:4 8 2
DEBUG:root:Order:4 19 2
DEBUG:root:Order:4 9 1
DEBUG:root:Finish turn

DEBUG:root:Order:2 4 3
DEBUG:root:Order:2 7 2
DEBUG:root:Order:2 8 2
DEBUG:root:Order:2 19 2
DEBUG:root:Order:2 9 1
DEBUG:root:Finish turn

DEBUG:root:Order:5 2 3
DEBUG:root:Order:5 7 1
DEBUG:root:Order:5 8 1
DEBUG:root:Order:5 19 1
DEBUG:root:Order:5 4 4
DEBUG:root:Order:11 4 4
DEBUG:root:Order:15 4 1
DEBUG:root:Finish turn

DEBUG:root:Order:4 2 19
DEBUG:root:Order:11 2 13
DEBUG:root:Order:15 2 12
DEBUG:root:Order:9 2 10
DEBUG:root:Order:7 2 9
DEBUG:root:Order:8 2 9
DEBUG:root:Order:19 2 9
DEBUG:root:Order:5 2 8
DEBUG:root:Finish turn

DEBUG:root:Order:2 7 1
DEBUG:root:Order:2 8 1
DEBUG:root:Order:2 19 1
DEBUG:root:Order:2 4 2
DEBUG:root:Order:5 4 2
DEBUG:root:Order:11 4 1
DEBUG:root:Finish turn

DEBUG:root:Order:4 7 2
DEBUG:root:Order:4 8 2
DEBUG:root:Order:4 19 2
DEBUG:root:Order:4 9 1
DEBUG:root:Order:4 2 3
DEBUG:root:Order:5 2 2
DEBUG:root:Order:11 2 1
DEBUG:root:Finish turn

DEBUG:root:Order:5 2 17
DEBUG:root:Order:11 2 16
DEBUG:root:Order:15 2 15
DEBUG:root:Order:9 2 13
DEBUG:root:Order:7 2 12
DEBUG:root:Order:8 2 12
DEBUG:root:Order:19 2 12
DEBUG:root:Order:4 2 7
DEBUG:root:Finish turn

DEBUG:root:Order:5 11 15
DEBUG:root:Order:15 11 13
DEBUG:root:Order:4 11 12
DEBUG:root:Order:9 11 12
DEBUG:root:Order:7 11 11
DEBUG:root:Order:8 11 11
DEBUG:root:Order:19 11 11
DEBUG:root:Order:2 11 7
DEBUG:root:Finish turn

DEBUG:root:Order:2 11 3
DEBUG:root:Order:5 11 2
DEBUG:root:Order:5 7 3
DEBUG:root:Order:15 7 1
DEBUG:root:Finish turn

DEBUG:root:Order:2 8 2
DEBUG:root:Order:2 19 2
DEBUG:root:Order:2 4 2
DEBUG:root:Order:7 4 1
DEBUG:root:Finish turn

DEBUG:root:Order:5 8 2
DEBUG:root:Order:5 19 2
DEBUG:root:Order:5 2 1
DEBUG:root:Order:5 7 1
DEBUG:root:Order:5 9 1
DEBUG:root:Finish turn

DEBUG:root:Order:11 5 14
DEBUG:root:Order:2 5 13
DEBUG:root:Order:4 5 12
DEBUG:root:Order:15 5 12
DEBUG:root:Order:9 5 10
DEBUG:root:Order:7 5 9
DEBUG:root:Order:8 5 9
DEBUG:root:Order:19 5 9
DEBUG:root:Finish turn

DEBUG:root:Order:2 7 1
DEBUG:root:Order:2 8 1
DEBUG:root:Order:2 19 1
DEBUG:root:Order:2 4 2
DEBUG:root:Order:5 4 1
DEBUG:root:Order:11 4 1
DEBUG:root:Finish turn

DEBUG:root:Order:4 5 14
DEBUG:root:Order:11 5 13
DEBUG:root:Order:15 5 12
DEBUG:root:Order:2 5 11
DEBUG:root:Order:9 5 10
DEBUG:root:Order:7 5 9
DEBUG:root:Order:8 5 9
DEBUG:root:Order:19 5 9
DEBUG:root:Finish turn

DEBUG:root:Order:2 5 14
DEBUG:root:Order:11 5 13
DEBUG:root:Order:15 5 12
DEBUG:root:Order:4 5 11
DEBUG:root:Order:9 5 11
DEBUG:root:Order:7 5 10
DEBUG:root:Order:8 5 10
DEBUG:root:Order:19 5 10
DEBUG:root:Finish turn

DEBUG:root:Order:2 7 1
DEBUG:root:Order:2 8 1
DEBUG:root:Order:2 19 1
DEBUG:root:Order:2 4 2
DEBUG:root:Order:5 4 2
DEBUG:root:Order:11 4 1
DEBUG:root:Finish turn

DEBUG:root:Order:4 7 2
DEBUG:root:Order:4 8 2
DEBUG:root:Order:4 19 2
DEBUG:root:Order:4 9 1
DEBUG:root:Order:4 2 3
DEBUG:root:Order:5 2 2
DEBUG:root:Order:11 2 1
DEBUG:root:Finish turn

DEBUG:root:Order:2 4 7
DEBUG:root:Order:2 7 2
DEBUG:root:Order:2 8 2
DEBUG:root:Order:2 19 2
DEBUG:root:Order:2 9 1
DEBUG:root:Finish turn

DEBUG:root:Order:5 2 3
DEBUG:root:Order:5 7 1
DEBUG:root:Order:5 8 1
DEBUG:root:Order:5 19 1
DEBUG:root:Order:5 4 5
DEBUG:root:Order:11 4 3
DEBUG:root:Order:15 4 1
DEBUG:root:Finish turn

DEBUG:root:Order:4 5 3
DEBUG:root:Order:4 7 2
DEBUG:root:Order:4 8 2
DEBUG:root:Order:4 19 2
DEBUG:root:Order:4 9 1
DEBUG:root:Finish turn

DEBUG:root:Order:2 4 3
DEBUG:root:Order:2 7 2
DEBUG:root:Order:2 8 2
DEBUG:root:Order:2 19 2
DEBUG:root:Order:2 9 1
DEBUG:root:Finish turn

DEBUG:root:Order:5 2 3
DEBUG:root:Order:5 7 1
DEBUG:root:Order:5 8 1
DEBUG:root:Order:5 19 1
DEBUG:root:Order:5 4 4
DEBUG:root:Order:11 4 4
DEBUG:root:Order:15 4 1
DEBUG:root:Finish turn

DEBUG:root:Order:4 5 3
DEBUG:root:Order:4 7 2
DEBUG:root:Order:4 8 2
DEBUG:root:Order:4 19 2
DEBUG:root:Order:4 9 1
DEBUG:root:Finish turn

DEBUG:root:Order:2 4 3
DEBUG:root:Order:2 7 2
DEBUG:root:Order:2 8 2
DEBUG:root:Order:2 19 2
DEBUG:root:Order:2 9 1
DEBUG:root:Finish turn

DEBUG:root:Order:5 2 3
DEBUG:root:Order:5 7 1
DEBUG:root:Order:5 8 1
DEBUG:root:Order:5 19 1
DEBUG:root:Order:5 4 4
DEBUG:root:Order:11 4 4
DEBUG:root:Order:15 4 1
DEBUG:root:Finish turn

DEBUG:root:Order:4 5 3
DEBUG:root:Order:4 7 2
DEBUG:root:Order:4 8 2
DEBUG:root:Order:4 19 2
DEBUG:root:Order:4 9 1
DEBUG:root:Finish turn

DEBUG:root:Order:2 4 3
DEBUG:root:Order:2 7 2
DEBUG:root:Order:2 8 2
DEBUG:root:Order:2 19 2
DEBUG:root:Order:2 9 1
DEBUG:root:Finish turn

DEBUG:root:Order:5 2 3
DEBUG:root:Order:5 7 1
DEBUG:root:Order:5 8 1
DEBUG:root:Order:5 19 1
DEBUG:root:Order:5 4 4
DEBUG:root:Order:11 4 4
DEBUG:root:Order:15 4 1
DEBUG:root:Finish turn

DEBUG:root:Order:4 5 3
DEBUG:root:Order:4 7 2
DEBUG:root:Order:4 8 2
DEBUG:root:Order:4 19 2
DEBUG:root:Order:4 9 1
DEBUG:root:Finish turn

DEBUG:root:Order:11 2 14
DEBUG:root:Order:5 2 13
DEBUG:root:Order:15 2 12
DEBUG:root:Order:9 2 10
DEBUG:root:Order:7 2 9
DEBUG:root:Order:8 2 9
DEBUG:root:Order:19 2 9
DEBUG:root:Order:4 2 8
DEBUG:root:Finish turn

DEBUG:root:Order:5 2 15
DEBUG:root:Order:11 2 14
DEBUG:root:Order:15 2 13
DEBUG:root:Order:4 2 12
DEBUG:root:Order:9 2 12
DEBUG:root:Order:7 2 11
DEBUG:root:Order:8 2 11
DEBUG:root:Order:19 2 11
DEBUG:root:Finish turn

DEBUG:root:Order:5 2 16
DEBUG:root:Order:11 2 15
DEBUG:root:Order:15 2 14
DEBUG:root:Order:4 2 13
DEBUG:root:Order:9 2 13
DEBUG:root:Order:7 2 12
DEBUG:root:Order:8 2 12
DEBUG:root:Order:19 2 12
DEBUG:root:Finish turn

DEBUG:root:Order:2 7 1
DEBUG:root:Order:2 8 1
DEBUG:root:Order:2 19 1
DEBUG:root:Order:2 4 2
DEBUG:root:Order:5 4 2
DEBUG:root:Order:11 4 1
DEBUG:root:Finish turn

DEBUG:root:Order:4 7 2
DEBUG:root:Order:4 8 2
DEBUG:root:Order:4 19 2
DEBUG:root:Order:4 9 1
DEBUG:root:Order:4 2 3
DEBUG:root:Order:5 2 2
DEBUG:root:Order:11 2 1
DEBUG:root:Finish turn

DEBUG:root:Order:2 5 15
DEBUG:root:Order:11 5 9
DEBUG:root:Order:15 5 8
DEBUG:root:Order:9 5 6
DEBUG:root:Order:7 5 5
DEBUG:root:Order:8 5 5
DEBUG:root:Order:19 5 5
DEBUG:root:Finish turn

DEBUG:root:Order:2 5 3
DEBUG:root:Order:2 7 1
DEBUG:root:Order:2 8 1
DEBUG:root:Order:2 19 1
DEBUG:root:Finish turn

DEBUG:root:Order:11 5 14
DEBUG:root:Order:15 5 12
DEBUG:root:Order:2 5 10
DEBUG:root:Order:4 5 10
DEBUG:root:Order:9 5 10
DEBUG:root:Order:7 5 9
DEBUG:root:Order:8 5 9
DEBUG:root:Order:19 5 9
DEBUG:root:Finish turn

DEBUG:root:Order:2 7 1
DEBUG:root:Order:2 8 1
DEBUG:root:Order:2 19 1
DEBUG:root:Order:2 4 2
DEBUG:root:Order:5 4 2
DEBUG:root:Order:11 4 1
DEBUG:root:Finish turn

DEBUG:root:Order:4 7 2
DEBUG:root:Order:4 8 2
DEBUG:root:Order:4 19 2
DEBUG:root:Order:4 9 1
DEBUG:root:Order:4 2 3
DEBUG:root:Order:5 2 2
DEBUG:root:Order:11 2 1
DEBUG:root:Finish turn

DEBUG:root:Order:2 4 7
DEBUG:root:Order:2 7 2
DEBUG:root:Order:2 8 2
DEBUG:root:Order:2 19 2
DEBUG:root:Order:2 9 1
DEBUG:root:Finish turn

DEBUG:root:Order:5 11 14
DEBUG:root:Order:15 11 10
DEBUG:root:Order:4 11 8
DEBUG:root:Order:9 11 8
DEBUG:root:Order:7 11 7
DEBUG:root:Order:8 11 7
DEBUG:root:Order:19 11 7
DEBUG:root:Order:2 11 5
DEBUG:root:Finish turn

DEBUG:root:Order:2 11 13
DEBUG:root:Order:5 11 13
DEBUG:root:Order:15 11 11
DEBUG:root:Order:4 11 10
DEBUG:root:Order:9 11 10
DEBUG:root:Order:7 11 9
DEBUG:root:Order:8 11 9
DEBUG:root:Order:19 11 9
DEBUG:root:Finish turn

DEBUG:root:Order:5 2 4
DEBUG:root:Order:11 2 3
DEBUG:root:Order:15 2 2
DEBUG:root:Order:4 2 1
DEBUG:root:Order:9 2 1
DEBUG:root:Finish turn

DEBUG:root:Order:5 2 3
DEBUG:root:Order:11 2 1
DEBUG:root:Order:11 7 2
DEBUG:root:Order:15 7 1
DEBUG:root:Finish turn

DEBUG:root:Order:5 8 2
DEBUG:root:Order:5 19 2
DEBUG:root:Order:5 4 2
DEBUG:root:Order:2 4 1
DEBUG:root:Finish turn

DEBUG:root:Order:4 2 7
DEBUG:root:Order:11 2 7
DEBUG:root:Order:15 2 6
DEBUG:root:Order:5 2 4
DEBUG:root:Order:7 2 4
DEBUG:root:Order:9 2 4
DEBUG:root:Order:8 2 3
DEBUG:root:Order:19 2 3
DEBUG:root:Finish turn

DEBUG:root:Order:5 2 3
DEBUG:root:Order:5 7 3
DEBUG:root:Order:11 7 2
DEBUG:root:Order:15 7 1
DEBUG:root:Finish turn

DEBUG:root:Order:7 5 7
DEBUG:root:Order:2 5 5
DEBUG:root:Order:11 5 5
DEBUG:root:Order:15 5 4
DEBUG:root:Order:4 5 3
DEBUG:root:Order:9 5 3
DEBUG:root:Order:8 5 1
DEBUG:root:Order:19 5 1
DEBUG:root:Finish turn

DEBUG:root:Order:2 5 2
DEBUG:root:Order:2 7 1
DEBUG:root:Order:2 8 1
DEBUG:root:Order:2 19 1
DEBUG:root:Order:2 4 2
DEBUG:root:Order:11 4 1
DEBUG:root:Finish turn

DEBUG:root:Order:4 2 1
DEBUG:root:Order:4 7 1
DEBUG:root:Order:4 8 1
DEBUG:root:Order:4 19 1
DEBUG:root:Order:4 9 2
DEBUG:root:Order:5 9 2
DEBUG:root:Order:11 9 2
DEBUG:root:Order:15 9 1
DEBUG:root:Finish turn

DEBUG:root:Order:9 4 4
DEBUG:root:Order:9 7 2
DEBUG:root:Order:9 8 2
DEBUG:root:Order:9 19 2
DEBUG:root:Finish turn

DEBUG:root:Order:5 9 4
DEBUG:root:Order:2 9 1
DEBUG:root:Order:2 7 2
DEBUG:root:Order:2 8 2
DEBUG:root:Order:2 19 2
DEBUG:root:Order:2 4 1
DEBUG:root:Finish turn

DEBUG:root:Order:11 2 1
DEBUG:root:Order:11 7 1
DEBUG:root:Order:11 8 1
DEBUG:root:Order:11 19 1
DEBUG:root:Order:11 4 4
DEBUG:root:Order:5 4 3
DEBUG:root:Order:15 4 1
DEBUG:root:Finish turn

DEBUG:root:Order:4 7 2
DEBUG:root:Order:4 8 2
DEBUG:root:Order:4 11 2
DEBUG:root:Order:4 19 2
DEBUG:root:Order:4 9 1
DEBUG:root:Finish turn

DEBUG:root:Order:5 4 3
DEBUG:root:Order:5 7 2
DEBUG:root:Order:5 8 2
DEBUG:root:Order:5 19 2
DEBUG:root:Order:5 9 1
DEBUG:root:Finish turn

DEBUG:root:Order:2 5 2
DEBUG:root:Order:2 7 1
DEBUG:root:Order:2 8 1
DEBUG:root:Order:2 19 1
DEBUG:root:Order:2 4 6
DEBUG:root:Order:11 4 2
DEBUG:root:Order:15 4 1
DEBUG:root:Finish turn

DEBUG:root:Order:4 2 2
DEBUG:root:Order:4 7 2
DEBUG:root:Order:4 8 2
DEBUG:root:Order:4 19 2
DEBUG:root:Order:4 9 1
DEBUG:root:Finish turn

DEBUG:root:Order:5 4 2
DEBUG:root:Order:5 7 2
DEBUG:root:Order:5 8 2
DEBUG:root:Order:5 19 2
DEBUG:root:Order:5 9 1
DEBUG:root:Finish turn

DEBUG:root:Order:2 5 2
DEBUG:root:Order:2 7 1
DEBUG:root:Order:2 8 1
DEBUG:root:Order:2 19 1
DEBUG:root:Order:2 4 4
DEBUG:root:Order:11 4 4
DEBUG:root:Order:15 4 1
DEBUG:root:Finish turn

DEBUG:root:Order:4 2 2
DEBUG:root:Order:4 7 2
DEBUG:root:Order:4 8 2
DEBUG:root:Order:4 19 2
DEBUG:root:Order:4 9 1
DEBUG:root:Finish turn

DEBUG:root:Order:5 4 2
DEBUG:root:Order:5 7 2
DEBUG:root:Order:5 8 2
DEBUG:root:Order:5 19 2
DEBUG:root:Order:5 9 1
DEBUG:root:Finish turn

DEBUG:root:Order:2 5 2
DEBUG:root:Order:2 7 1
DEBUG:root:Order:2 8 1
DEBUG:root:Order:2 19 1
DEBUG:root:Order:2 4 4
DEBUG:root:Order:11 4 4
DEBUG:root:Order:15 4 1
DEBUG:root:Finish turn

DEBUG:root:Order:4 2 19
DEBUG:root:Order:5 2 13
DEBUG:root:Order:11 2 13
DEBUG:root:Order:15 2 12
DEBUG:root:Order:9 2 10
DEBUG:root:Order:7 2 9
DEBUG:root:Order:8 2 9
DEBUG:root:Order:19 2 9
DEBUG:root:Finish turn

DEBUG:root:Order:5 2 14
DEBUG:root:Order:11 2 13
DEBUG:root:Order:15 2 12
DEBUG:root:Order:4 2 11
DEBUG:root:Order:9 2 11
DEBUG:root:Order:7 2 10
DEBUG:root:Order:8 2 10
DEBUG:root:Order:19 2 10
DEBUG:root:Finish turn

DEBUG:root:Order:5 2 15
DEBUG:root:Order:11 2 14
DEBUG:root:Order:15 2 13
DEBUG:root:Order:4 2 12
DEBUG:root:Order:9 2 12
DEBUG:root:Order:7 2 11
DEBUG:root:Order:8 2 11
DEBUG:root:Order:19 2 11
DEBUG:root:Finish turn

DEBUG:root:Order:5 2 2
DEBUG:root:Order:5 7 1
DEBUG:root:Order:5 8 1
DEBUG:root:Order:5 19 1
DEBUG:root:Order:5 4 2
DEBUG:root:Order:11 4 1
DEBUG:root:Finish turn

DEBUG:root:Order:2 5 1
DEBUG:root:Order:2 7 1
DEBUG:root:Order:2 8 1
DEBUG:root:Order:2 19 1
DEBUG:root:Order:2 9 2
DEBUG:root:Order:4 9 2
DEBUG:root:Order:11 9 2
DEBUG:root:Order:15 9 1
DEBUG:root:Finish turn

DEBUG:root:Order:9 5 14
DEBUG:root:Order:11 5 10
DEBUG:root:Order:15 5 9
DEBUG:root:Order:4 5 8
DEBUG:root:Order:2 5 7
DEBUG:root:Order:7 5 6
DEBUG:root:Order:8 5 6
DEBUG:root:Order:19 5 6
DEBUG:root:Finish turn

DEBUG:root:Order:2 7 1
DEBUG:root:Order:2 8 1
DEBUG:root:Order:2 19 1
DEBUG:root:Order:2 4 2
DEBUG:root:Order:11 4 1
DEBUG:root:Finish turn

DEBUG:root:Order:4 5 12
DEBUG:root:Order:11 5 12
DEBUG:root:Order:15 5 11
DEBUG:root:Order:2 5 10
DEBUG:root:Order:9 5 9
DEBUG:root:Order:7 5 8
DEBUG:root:Order:8 5 8
DEBUG:root:Order:19 5 8
DEBUG:root:Finish turn

DEBUG:root:Order:2 5 1
DEBUG:root:Order:2 7 1
DEBUG:root:Order:2 8 1
DEBUG:root:Order:2 19 1
DEBUG:root:Order:2 4 2
DEBUG:root:Order:11 4 1
DEBUG:root:Finish turn

DEBUG:root:Order:4 7 1
DEBUG:root:Order:4 8 1
DEBUG:root:Order:4 19 1
DEBUG:root:Order:4 2 2
DEBUG:root:Order:5 2 2
DEBUG:root:Order:11 2 2
DEBUG:root:Order:15 2 1
DEBUG:root:Finish turn

DEBUG:root:Order:2 4 3
DEBUG:root:Order:2 7 2
DEBUG:root:Order:2 8 2
DEBUG:root:Order:2 19 2
DEBUG:root:Order:2 9 1
DEBUG:root:Finish turn

DEBUG:root:Order:11 5 17
DEBUG:root:Order:2 5 15
DEBUG:root:Order:15 5 15
DEBUG:root:Order:4 5 13
DEBUG:root:Order:9 5 13
DEBUG:root:Order:7 5 12
DEBUG:root:Order:8 5 12
DEBUG:root:Order:19 5 12
DEBUG:root:Finish turn

DEBUG:root:Order:2 11 12
DEBUG:root:Order:5 11 11
DEBUG:root:Order:15 11 10
DEBUG:root:Order:4 11 9
DEBUG:root:Order:9 11 9
DEBUG:root:Order:7 11 8
DEBUG:root:Order:8 11 8
DEBUG:root:Order:19 11 8
DEBUG:root:Finish turn

DEBUG:root:Order:5 2 5
DEBUG:root:Order:15 2 3
DEBUG:root:Order:4 2 2
DEBUG:root:Order:9 2 2
DEBUG:root:Order:7 2 1
DEBUG:root:Order:8 2 1
DEBUG:root:Order:11 2 1
DEBUG:root:Order:19 2 1
DEBUG:root:Finish turn

DEBUG:root:Order:2 7 1
DEBUG:root:Order:2 8 1
DEBUG:root:Order:2 19 1
DEBUG:root:Order:2 4 2
DEBUG:root:Order:5 4 2
DEBUG:root:Order:11 4 1
DEBUG:root:Finish turn

DEBUG:root:Order:4 7 2
DEBUG:root:Order:4 8 2
DEBUG:root:Order:4 19 2
DEBUG:root:Order:4 9 1
DEBUG:root:Order:4 2 3
DEBUG:root:Order:5 2 2
DEBUG:root:Order:11 2 1
DEBUG:root:Finish turn

DEBUG:root:Order:2 4 7
DEBUG:root:Order:2 7 2
DEBUG:root:Order:2 8 2
DEBUG:root:Order:2 19 2
DEBUG:root:Order:2 9 1
DEBUG:root:Finish turn

DEBUG:root:Order:5 2 3
DEBUG:root:Order:5 7 1
DEBUG:root:Order:5 8 1
DEBUG:root:Order:5 19 1
DEBUG:root:Order:5 4 5
DEBUG:root:Order:11 4 3
DEBUG:root:Order:15 4 1
DEBUG:root:Finish turn

DEBUG:root:Order:4 5 3
DEBUG:root:Order:4 7 2
DEBUG:root:Order:4 8 2
DEBUG:root:Order:4 19 2
DEBUG:root:Order:4 9 1
DEBUG:root:Finish turn

DEBUG:root:Order:2 4 3
DEBUG:root:Order:2 7 2
DEBUG:root:Order:2 8 2
DEBUG:root:Order:2 19 2
DEBUG:root:Order:2 9 1
DEBUG:root:Finish turn

DEBUG:root:Order:5 2 3
DEBUG:root:Order:5 7 1
DEBUG:root:Order:5 8 1
DEBUG:root:Order:5 19 1
DEBUG:root:Order:5 4 4
DEBUG:root:Order:11 4 4
DEBUG:root:Order:15 4 1
DEBUG:root:Finish turn

DEBUG:root:Order:4 5 3
DEBUG:root:Order:4 7 2
DEBUG:root:Order:4 8 2
DEBUG:root:Order:4 19 2
DEBUG:root:Order:4 9 1
DEBUG:root:Finish turn

DEBUG:root:Order:2 4 3
DEBUG:root:Order:2 7 2
DEBUG:root:Order:2 8 2
DEBUG:root:Order:2 19 2
DEBUG:root:Order:2 9 1
DEBUG:root:Finish turn

DEBUG:root:Order:5 2 3
DEBUG:root:Order:5 7 1
DEBUG:root:Order:5 8 1
DEBUG:root:Order:5 19 1
DEBUG:root:Order:5 4 4
DEBUG:root:Order:11 4 4
DEBUG:root:Order:15 4 1
DEBUG:root:Finish turn

DEBUG:root:Order:4 5 3
DEBUG:root:Order:4 7 2
DEBUG:root:Order:4 8 2
DEBUG:root:Order:4 19 2
DEBUG:root:Order:4 9 1
DEBUG:root:Finish turn

DEBUG:root:Order:2 4 3
DEBUG:root:Order:2 7 2
DEBUG:root:Order:2 8 2
DEBUG:root:Order:2 19 2
DEBUG:root:Order:2 9 1
DEBUG:root:Finish turn

DEBUG:root:Order:5 2 3
DEBUG:root:Order:5 7 1
DEBUG:root:Order:5 8 1
DEBUG:root:Order:5 19 1
DEBUG:root:Order:5 4 4
DEBUG:root:Order:11 4 4
DEBUG:root:Order:15 4 1
DEBUG:root:Finish turn

DEBUG:root:Order:4 2 17
DEBUG:root:Order:11 2 11
DEBUG:root:Order:15 2 10
DEBUG:root:Order:9 2 8
DEBUG:root:Order:7 2 7
DEBUG:root:Order:8 2 7
DEBUG:root:Order:19 2 7
DEBUG:root:Order:5 2 6
DEBUG:root:Finish turn

DEBUG:root:Order:5 2 14
DEBUG:root:Order:11 2 13
DEBUG:root:Order:15 2 12
DEBUG:root:Order:4 2 11
DEBUG:root:Order:9 2 11
DEBUG:root:Order:7 2 10
DEBUG:root:Order:8 2 10
DEBUG:root:Order:19 2 10
DEBUG:root:Finish turn

DEBUG:root:Order:2 7 1
DEBUG:root:Order:2 8 1
DEBUG:root:Order:2 19 1
DEBUG:root:Order:2 4 2
DEBUG:root:Order:5 4 2
DEBUG:root:Order:11 4 1
DEBUG:root:Finish turn

DEBUG:root:Order:4 2 17
DEBUG:root:Order:5 2 16
DEBUG:root:Order:11 2 15
DEBUG:root:Order:15 2 14
DEBUG:root:Order:9 2 12
DEBUG:root:Order:7 2 11
DEBUG:root:Order:8 2 11
DEBUG:root:Order:19 2 11
DEBUG:root:Finish turn

DEBUG:root:Order:5 2 3
DEBUG:root:Order:5 7 3
DEBUG:root:Order:11 7 2
DEBUG:root:Order:15 7 1
DEBUG:root:Finish turn

DEBUG:root:Order:7 8 2
DEBUG:root:Order:7 19 2
DEBUG:root:Order:7 4 3
DEBUG:root:Order:2 4 1
DEBUG:root:Order:11 4 1
DEBUG:root:Finish turn

DEBUG:root:Order:4 2 26
DEBUG:root:Order:5 2 24
DEBUG:root:Order:11 2 24
DEBUG:root:Order:15 2 23
DEBUG:root:Order:9 2 21
DEBUG:root:Order:8 2 20
DEBUG:root:Order:19 2 20
DEBUG:root:Order:7 2 17
DEBUG:root:Finish turn

DEBUG:root:Order:5 2 2
DEBUG:root:Order:5 7 1
DEBUG:root:Order:5 8 1
DEBUG:root:Order:5 19 1
DEBUG:root:Order:5 4 2
DEBUG:root:Order:11 4 1
DEBUG:root:Finish turn

DEBUG:root:Order:2 5 9
DEBUG:root:Order:4 5 9
DEBUG:root:Order:11 5 9
DEBUG:root:Order:15 5 8
DEBUG:root:Order:9 5 6
DEBUG:root:Order:7 5 5
DEBUG:root:Order:8 5 5
DEBUG:root:Order:19 5 5
DEBUG:root:Finish turn

DEBUG:root:Order:2 5 2
DEBUG:root:Order:2 7 1
DEBUG:root:Order:2 8 1
DEBUG:root:Order:2 19 1
DEBUG:root:Order:2 4 2
DEBUG:root:Order:11 4 1
DEBUG:root:Finish turn

DEBUG:root:Order:4 2 1
DEBUG:root:Order:4 7 1
DEBUG:root:Order:4 8 1
DEBUG:root:Order:4 19 1
DEBUG:root:Order:4 9 2
DEBUG:root:Order:5 9 2
DEBUG:root:Order:11 9 2
DEBUG:root:Order:15 9 1
DEBUG:root:Finish turn

DEBUG:root:Order:9 5 13
DEBUG:root:Order:2 5 9
DEBUG:root:Order:11 5 9
DEBUG:root:Order:15 5 8
DEBUG:root:Order:7 5 5
DEBUG:root:Order:8 5 5
DEBUG:root:Order:19 5 5
DEBUG:root:Order:4 5 3
DEBUG:root:Finish turn

DEBUG:root:Order:2 11 10
DEBUG:root:Order:15 11 8
DEBUG:root:Order:4 11 7
DEBUG:root:Order:9 11 7
DEBUG:root:Order:7 11 6
DEBUG:root:Order:8 11 6
DEBUG:root:Order:19 11 6
DEBUG:root:Order:5 11 3
DEBUG:root:Finish turn

DEBUG:root:Order:2 11 3
DEBUG:root:Order:5 11 1
DEBUG:root:Order:5 7 1
DEBUG:root:Order:5 8 1
DEBUG:root:Order:5 19 1
DEBUG:root:Finish turn

DEBUG:root:Order:2 11 9
DEBUG:root:Order:5 11 8
DEBUG:root:Order:15 11 8
DEBUG:root:Order:4 11 6
DEBUG:root:Order:9 11 6
DEBUG:root:Order:7 11 5
DEBUG:root:Order:8 11 5
DEBUG:root:Order:19 11 5
DEBUG:root:Finish turn

DEBUG:root:Order:2 11 3
DEBUG:root:Order:5 11 1
DEBUG:root:Order:5 7 3
DEBUG:root:Order:15 7 1
DEBUG:root:Finish turn

DEBUG:root:Order:5 8 1
DEBUG:root:Order:7 8 1
DEBUG:root:Order:7 19 1
DEBUG:root:Finish turn

DEBUG:root:Order:5 2 76
DEBUG:root:Order:11 2 75
DEBUG:root:Bad order:15 59.0 74
DEBUG:root:Bad order:4 54.0 72
DEBUG:root:Bad order:9 50.0 72
DEBUG:root:Bad order:7 38.0 71
DEBUG:root:Bad order:8 48.0 71
DEBUG:root:Bad order:19 51.0 70
DEBUG:root:Finish turn

DEBUG:root:Bad order:15 62.0 74
DEBUG:root:Bad order:4 56.0 71
DEBUG:root:Bad order:9 54.0 71
DEBUG:root:Bad order:7 39.0 69
DEBUG:root:Bad order:8 49.0 69
DEBUG:root:Bad order:19 52.0 68
DEBUG:root:Order:5 2 2
DEBUG:root:Order:11 2 1
DEBUG:root:Finish turn

DEBUG:root:Bad order:15 65.0 75
DEBUG:root:Bad order:4 58.0 71
DEBUG:root:Bad order:9 58.0 71
DEBUG:root:Bad order:7 42.0 68
DEBUG:root:Bad order:8 50.0 68
DEBUG:root:Bad order:19 53.0 67
DEBUG:root:Order:5 2 3
DEBUG:root:Order:11 2 2
DEBUG:root:Finish turn

DEBUG:root:Bad order:15 68.0 75
DEBUG:root:Bad order:4 60.0 70
DEBUG:root:Bad order:9 60.0 70
DEBUG:root:Bad order:7 44.0 66
DEBUG:root:Bad order:8 52.0 66
DEBUG:root:Bad order:19 54.0 65
DEBUG:root:Order:5 2 2
DEBUG:root:Order:11 2 1
DEBUG:root:Finish turn

DEBUG:root:Bad order:15 71.0 76
DEBUG:root:Bad order:4 62.0 70
DEBUG:root:Bad order:9 64.0 70
DEBUG:root:Bad order:7 45.0 65
DEBUG:root:Bad order:8 54.0 65
DEBUG:root:Bad order:19 56.0 64
DEBUG:root:Order:11 2 2
DEBUG:root:Finish turn

DEBUG:root:Bad order:15 74.0 77
DEBUG:root:Bad order:4 64.0 70
DEBUG:root:Bad order:9 66.0 70
DEBUG:root:Bad order:7 46.0 64
DEBUG:root:Bad order:8 56.0 64
DEBUG:root:Bad order:19 57.0 63
DEBUG:root:Finish turn

DEBUG:root:Order:15 2 77
DEBUG:root:Bad order:4 66.0 69
DEBUG:root:Bad order:9 68.0 69
DEBUG:root:Bad order:7 48.0 62
DEBUG:root:Bad order:8 57.0 62
DEBUG:root:Bad order:19 58.0 61
DEBUG:root:Finish turn

DEBUG:root:Bad order:4 68.0 69
DEBUG:root:Order:9 2 69
DEBUG:root:Bad order:7 52.0 61
DEBUG:root:Bad order:8 58.0 61
DEBUG:root:Order:19 2 60
DEBUG:root:Order:15 2 1
DEBUG:root:Finish turn

DEBUG:root:Order:4 2 69
DEBUG:root:Bad order:7 56.0 60
DEBUG:root:Order:8 2 60
DEBUG:root:Order:15 2 1
DEBUG:root:Finish turn

DEBUG:root:Bad order:7 57.0 59
DEBUG:root:Order:7 19 1
DEBUG:root:Bad order:7 56.0 59
DEBUG:root:Order:15 8 1
DEBUG:root:Finish turn

DEBUG:root:Order:7 2 56
DEBUG:root:Order:7 19 1
DEBUG:root:Bad order:7 0.0 57
DEBUG:root:Order:15 8 1
DEBUG:root:Finish turn

DEBUG:root:Order:2 19 1
DEBUG:root:Order:2 7 2
DEBUG:root:Order:15 7 1
DEBUG:root:Finish turn

DEBUG:root:Order:2 8 2
DEBUG:root:Order:2 19 2
DEBUG:root:Finish turn

DEBUG:root:Order:15 8 1
DEBUG:root:Order:15 19 1
DEBUG:root:Order:15 4 1
DEBUG:root:Finish turn

DEBUG:root:Order:2 7 1
DEBUG:root:Order:2 8 1
DEBUG:root:Order:2 19 1
DEBUG:root:Order:2 9 3
DEBUG:root:Finish turn

DEBUG:root:Order:9 7 1
DEBUG:root:Order:9 8 1
DEBUG:root:Order:9 19 1
DEBUG:root:Finish turn

DEBUG:root:Order:2 7 1
DEBUG:root:Order:2 8 1
DEBUG:root:Order:2 19 1
DEBUG:root:Order:2 9 3
DEBUG:root:Order:15 9 1
DEBUG:root:Finish turn

DEBUG:root:Order:9 7 1
DEBUG:root:Order:9 8 1
DEBUG:root:Order:9 19 1
DEBUG:root:Finish turn

DEBUG:root:Order:2 15 6
DEBUG:root:Order:4 15 3
DEBUG:root:Order:9 15 3
DEBUG:root:Order:7 15 1
DEBUG:root:Order:8 15 1
DEBUG:root:Order:19 15 1
DEBUG:root:Finish turn

DEBUG:root:Order:2 15 3
DEBUG:root:Order:2 7 3
DEBUG:root:Finish turn

DEBUG:root:Order:7 8 1
DEBUG:root:Order:7 19 1
DEBUG:root:Finish turn

DEBUG:root:Order:2 7 1
DEBUG:root:Order:2 8 1
DEBUG:root:Order:2 19 1
DEBUG:root:Finish turn

DEBUG:root:Order:2 7 1
DEBUG:root:Order:2 8 1
DEBUG:root:Order:2 19 1
DEBUG:root:Finish turn

DEBUG:root:Order:2 7 2
DEBUG:root:Order:2 8 2
DEBUG:root:Order:2 19 2
DEBUG:root:Finish turn

DEBUG:root:Order:15 7 1
DEBUG:root:Order:15 8 1
DEBUG:root:Order:15 19 1
DEBUG:root:Order:15 2 3
DEBUG:root:Finish turn

DEBUG:root:Order:2 7 1
DEBUG:root:Order:2 8 1
DEBUG:root:Order:2 15 1
DEBUG:root:Order:2 19 1
DEBUG:root:Order:2 4 5
DEBUG:root:Finish turn

DEBUG:root:Order:4 7 1
DEBUG:root:Order:4 8 1
DEBUG:root:Order:4 19 1
DEBUG:root:Order:4 2 4
DEBUG:root:Finish turn

DEBUG:root:Order:15 4 1
DEBUG:root:Order:15 7 2
DEBUG:root:Finish turn

DEBUG:root:Finish turn

DEBUG:root:Order:15 8 1
DEBUG:root:Order:15 19 1
DEBUG:root:Finish turn

DEBUG:root:Order:9 8 1
DEBUG:root:Order:9 19 1
DEBUG:root:Order:9 7 1
DEBUG:root:Order:15 7 1
DEBUG:root:Finish turn

DEBUG:root:Order:15 2 4
DEBUG:root:Order:4 2 3
DEBUG:root:Order:7 2 3
DEBUG:root:Order:8 2 1
DEBUG:root:Order:9 2 1
DEBUG:root:Order:19 2 1
DEBUG:root:Finish turn

DEBUG:root:Order:15 2 1
DEBUG:root:Finish turn

DEBUG:root:Order:2 7 1
DEBUG:root:Order:2 8 1
DEBUG:root:Order:2 19 1
DEBUG:root:Finish turn

DEBUG:root:Order:2 7 1
DEBUG:root:Order:2 8 1
DEBUG:root:Order:2 19 1
DEBUG:root:Finish turn

DEBUG:root:Order:2 7 2
DEBUG:root:Order:2 8 2
DEBUG:root:Order:2 19 2
DEBUG:root:Finish turn

DEBUG:root:Order:15 7 1
DEBUG:root:Order:15 8 1
DEBUG:root:Order:15 19 1
DEBUG:root:Order:15 2 3
DEBUG:root:Finish turn

DEBUG:root:Order:2 7 1
DEBUG:root:Order:2 8 1
DEBUG:root:Order:2 15 1
DEBUG:root:Order:2 19 1
DEBUG:root:Order:2 4 5
DEBUG:root:Finish turn

DEBUG:root:Order:4 7 1
DEBUG:root:Order:4 8 1
DEBUG:root:Order:4 19 1
DEBUG:root:Order:4 2 4
DEBUG:root:Finish turn

DEBUG:root:Order:2 4 2
DEBUG:root:Order:2 7 1
DEBUG:root:Order:2 8 1
DEBUG:root:Order:2 19 1
DEBUG:root:Order:2 9 6
DEBUG:root:Order:15 9 1
DEBUG:root:Finish turn

DEBUG:root:Order:9 2 1
DEBUG:root:Order:9 7 1
DEBUG:root:Order:9 8 1
DEBUG:root:Order:9 19 1
DEBUG:root:Order:9 4 6
DEBUG:root:Order:15 4 1
DEBUG:root:Finish turn

DEBUG:root:Order:4 9 3
DEBUG:root:Order:4 7 1
DEBUG:root:Order:4 8 1
DEBUG:root:Order:4 19 1
DEBUG:root:Finish turn

DEBUG:root:Order:2 7 2
DEBUG:root:Order:2 8 2
DEBUG:root:Order:2 19 2
DEBUG:root:Order:2 9 1
DEBUG:root:Finish turn

DEBUG:root:Order:15 2 12
DEBUG:root:Order:4 2 9
DEBUG:root:Order:9 2 9
DEBUG:root:Order:7 2 8
DEBUG:root:Order:8 2 8
DEBUG:root:Order:19 2 8
DEBUG:root:Finish turn

DEBUG:root:Order:15 2 10
DEBUG:root:Order:4 2 9
DEBUG:root:Order:9 2 9
DEBUG:root:Order:7 2 8
DEBUG:root:Order:8 2 8
DEBUG:root:Order:19 2 8
DEBUG:root:Finish turn

DEBUG:root:Order:15 2 11
DEBUG:root:Order:4 2 10
DEBUG:root:Order:9 2 10
DEBUG:root:Order:7 2 9
DEBUG:root:Order:8 2 9
DEBUG:root:Order:19 2 9
DEBUG:root:Finish turn

DEBUG:root:Order:15 7 1
DEBUG:root:Finish turn

DEBUG:root:Order:4 15 8
DEBUG:root:Order:9 15 8
DEBUG:root:Order:7 15 7
DEBUG:root:Order:8 15 6
DEBUG:root:Order:19 15 6
DEBUG:root:Finish turn

DEBUG:root:Order:9 4 8
DEBUG:root:Order:7 4 7
DEBUG:root:Order:8 4 7
DEBUG:root:Order:19 4 7
DEBUG:root:Order:15 4 4
DEBUG:root:Finish turn

DEBUG:root:Order:15 4 8
DEBUG:root:Order:9 4 7
DEBUG:root:Order:7 4 6
DEBUG:root:Order:8 4 6
DEBUG:root:Order:19 4 6
DEBUG:root:Finish turn

DEBUG:root:Order:15 7 1
DEBUG:root:Finish turn

DEBUG:root:Order:15 8 1
DEBUG:root:Order:15 19 1
DEBUG:root:Order:15 7 1
DEBUG:root:Finish turn

DEBUG:root:Order:9 8 1
DEBUG:root:Finish turn

DEBUG:root:Order:15 19 1
DEBUG:root:Order:15 7 1
DEBUG:root:Finish turn

DEBUG:root:Bad order:9 39.0 110
DEBUG:root:Bad order:15 16.0 110
DEBUG:root:Bad order:7 23.0 109
DEBUG:root:Bad order:8 34.0 108
DEBUG:root:Bad order:19 35.0 108
DEBUG:root:Finish turn

DEBUG:root:Bad order:15 27.0 110
DEBUG:root:Bad order:9 41.0 109
DEBUG:root:Bad order:7 26.0 107
DEBUG:root:Bad order:8 36.0 106
DEBUG:root:Bad order:19 37.0 106
DEBUG:root:Finish turn

DEBUG:root:Bad order:15 30.0 111
DEBUG:root:Bad order:9 43.0 109
DEBUG:root:Bad order:7 30.0 106
DEBUG:root:Bad order:8 37.0 105
DEBUG:root:Bad order:19 38.0 105
DEBUG:root:Finish turn

DEBUG:root:Bad order:15 33.0 112
DEBUG:root:Bad order:9 45.0 109
DEBUG:root:Bad order:7 31.0 105
DEBUG:root:Bad order:8 39.0 104
DEBUG:root:Bad order:19 40.0 104
DEBUG:root:Finish turn

DEBUG:root:Bad order:15 36.0 113
DEBUG:root:Bad order:9 47.0 109
DEBUG:root:Bad order:7 34.0 104
DEBUG:root:Bad order:8 40.0 103
DEBUG:root:Bad order:19 41.0 103
DEBUG:root:Finish turn

DEBUG:root:Bad order:15 39.0 114
DEBUG:root:Bad order:9 49.0 109
DEBUG:root:Bad order:7 35.0 103
DEBUG:root:Bad order:8 41.0 102
DEBUG:root:Bad order:19 42.0 102
DEBUG:root:Finish turn

DEBUG:root:Bad order:15 42.0 115
DEBUG:root:Bad order:9 51.0 109
DEBUG:root:Bad order:7 37.0 102
DEBUG:root:Bad order:8 42.0 101
DEBUG:root:Bad order:19 43.0 101
DEBUG:root:Finish turn

DEBUG:root:Bad order:15 45.0 115
DEBUG:root:Bad order:9 53.0 108
DEBUG:root:Bad order:7 39.0 100
DEBUG:root:Bad order:8 43.0 99
DEBUG:root:Bad order:19 44.0 99
DEBUG:root:Finish turn

DEBUG:root:Bad order:15 56.0 116
DEBUG:root:Bad order:9 55.0 108
DEBUG:root:Bad order:7 40.0 99
DEBUG:root:Bad order:8 44.0 98
DEBUG:root:Bad order:19 45.0 98
DEBUG:root:Finish turn

DEBUG:root:Order:15 8 6
DEBUG:root:Order:15 19 6
DEBUG:root:Order:15 7 5
DEBUG:root:Finish turn

DEBUG:root:Order:9 15 2
DEBUG:root:Order:9 7 1
DEBUG:root:Order:9 8 1
DEBUG:root:Order:9 19 1
DEBUG:root:Finish turn

DEBUG:root:Order:15 7 1
DEBUG:root:Finish turn

DEBUG:root:Order:15 8 1
DEBUG:root:Order:15 19 1
DEBUG:root:Order:15 7 1
DEBUG:root:Finish turn

DEBUG:root:Order:9 8 1
DEBUG:root:Finish turn

DEBUG:root:Order:15 19 1
DEBUG:root:Order:15 7 1
DEBUG:root:Finish turn

DEBUG:root:Order:9 8 1
DEBUG:root:Order:9 19 1
DEBUG:root:Finish turn

DEBUG:root:Order:15 7 2
DEBUG:root:Finish turn

DEBUG:root:Order:15 8 1
DEBUG:root:Order:15 19 1
DEBUG:root:Order:15 9 1
DEBUG:root:Finish turn

DEBUG:root:Order:9 8 1
DEBUG:root:Finish turn

DEBUG:root:Order:15 19 1
DEBUG:root:Order:15 7 1
DEBUG:root:Finish turn

DEBUG:root:Order:9 15 14
DEBUG:root:Order:7 15 13
DEBUG:root:Order:8 15 12
DEBUG:root:Order:19 15 12
DEBUG:root:Finish turn

DEBUG:root:Order:9 15 1
DEBUG:root:Finish turn

DEBUG:root:Order:9 15 15
DEBUG:root:Order:7 15 14
DEBUG:root:Order:8 15 14
DEBUG:root:Order:19 15 14
DEBUG:root:Finish turn

DEBUG:root:Order:9 15 15
DEBUG:root:Order:7 15 14
DEBUG:root:Order:8 15 14
DEBUG:root:Order:19 15 14
DEBUG:root:Finish turn

DEBUG:root:Order:9 15 17
DEBUG:root:Order:7 15 16
DEBUG:root:Order:8 15 16
DEBUG:root:Order:19 15 16
DEBUG:root:Finish turn

DEBUG:root:Order:9 15 7
DEBUG:root:Order:7 15 6
DEBUG:root:Order:8 15 6
DEBUG:root:Order:19 15 6
DEBUG:root:Finish turn

DEBUG:root:Finish turn

DEBUG:root:Order:9 7 1
DEBUG:root:Finish turn

DEBUG:root:Order:9 8 1
DEBUG:root:Finish turn

DEBUG:root:Order:9 19 1
DEBUG:root:Finish turn

DEBUG:root:Finish turn

DEBUG:root:Order:9 7 1
DEBUG:root:Finish turn

DEBUG:root:Order:9 8 1
DEBUG:root:Finish turn

DEBUG:root:Order:9 19 1
DEBUG:root:Finish turn

DEBUG:root:Finish turn

DEBUG:root:Order:9 7 1
DEBUG:root:Finish turn

DEBUG:root:Order:9 8 1
DEBUG:root:Finish turn

DEBUG:root:Order:9 19 1
DEBUG:root:Finish turn

DEBUG:root:Finish turn

DEBUG:root:Order:9 7 1
DEBUG:root:Finish turn

DEBUG:root:Order:9 8 1
DEBUG:root:Finish turn

DEBUG:root:Order:9 19 1
DEBUG:root:Finish turn

DEBUG:root:Finish turn

DEBUG:root:Order:9 7 1
DEBUG:root:Finish turn

DEBUG:root:Order:9 8 1
DEBUG:root:Finish turn

DEBUG:root:Order:9 19 1
DEBUG:root:Finish turn

DEBUG:root:Finish turn

DEBUG:root:Order:9 7 1
DEBUG:root:Finish turn

DEBUG:root:Order:9 8 1
DEBUG:root:Finish turn

DEBUG:root:Order:9 19 10
DEBUG:root:Order:7 19 9
DEBUG:root:Order:8 19 9
DEBUG:root:Finish turn

DEBUG:root:Order:9 19 11
DEBUG:root:Order:7 19 10
DEBUG:root:Order:8 19 10
DEBUG:root:Finish turn

DEBUG:root:Finish turn

DEBUG:root:Order:7 9 8
DEBUG:root:Order:8 9 8
DEBUG:root:Finish turn

DEBUG:root:Order:7 9 9
DEBUG:root:Order:8 9 9
DEBUG:root:Finish turn

DEBUG:root:Bad order:7 9.0 10
DEBUG:root:Bad order:8 8.0 10
DEBUG:root:Finish turn

DEBUG:root:Bad order:7 10.0 21
DEBUG:root:Bad order:8 9.0 21
DEBUG:root:Finish turn

DEBUG:root:Bad order:7 11.0 32
DEBUG:root:Bad order:8 10.0 32
DEBUG:root:Finish turn

DEBUG:root:Bad order:7 12.0 32
DEBUG:root:Bad order:8 12.0 32
DEBUG:root:Finish turn

DEBUG:root:Finish turn

DEBUG:root:Finish turn

DEBUG:root:Finish turn

DEBUG:root:Finish turn

DEBUG:root:Finish turn

DEBUG:root:Finish turn

DEBUG:root:Finish turn

DEBUG:root:Finish turn

DEBUG:root:Finish turn

DEBUG:root:Finish turn

DEBUG:root:Finish turn

DEBUG:root:Finish turn

DEBUG:root:Finish turn

DEBUG:root:Finish turn

DEBUG:root:Order:7 8 14
DEBUG:root:Finish turn

DEBUG:root:Order:7 8 15
DEBUG:root:Finish turn

DEBUG:root:Finish turn

DEBUG:root:Finish turn

DEBUG:root:Finish turn

DEBUG:root:Finish turn

DEBUG:root:Finish turn

DEBUG:root:Finish turn

DEBUG:root:Finish turn

DEBUG:root:Finish turn

DEBUG:root:Finish turn

DEBUG:root:Finish turn

DEBUG:root:Finish turn

DEBUG:root:Finish turn

DEBUG:root:Finish turn

DEBUG:root:Finish turn

DEBUG:root:Finish turn

DEBUG:root:Finish turn

DEBUG:root:Finish turn

DEBUG:root:Finish turn

DEBUG:root:Finish turn

DEBUG:root:Finish turn

DEBUG:root:Finish turn

DEBUG:root:Finish turn

DEBUG:root:Finish turn

DEBUG:root:Finish turn

DEBUG:root:Finish turn

DEBUG:root:Finish turn

DEBUG:root:Finish turn

